<?xml version="1.0" encoding="UTF-8"?>
<!-- Generated by org.testng.reporters.JUnitXMLReporter -->
<testsuite hostname="WIN-A7IIGHBBGE6" ignored="3" name="wap-selenium" tests="2" failures="0" timestamp="12 六月 2020 07:33:56 GMT" time="15.741" errors="0">
  <testcase name="@BeforeMethod beforeClass" time="0.0" classname="com.sh.stt.testcase.yw.AHYWTest">
    <failure type="java.lang.NullPointerException">
      <![CDATA[java.lang.NullPointerException
at com.sh.stt.testcase.yw.AHYWTest.beforeClass(AHYWTest.java:34)
... Removed 32 stack frames]]>
    </failure>
  </testcase> <!-- @BeforeMethod beforeClass -->
  <testcase name="ywContentListTest" time="2.087" classname="com.sh.stt.testcase.yw.BJYWTest"/>
  <testcase name="ywContentListTest" time="0.0" classname="com.sh.stt.testcase.yw.AHYWTest">
    <skipped/>
  </testcase> <!-- ywContentListTest -->
  <testcase name="@AfterTest afterTest" time="0.0" classname="com.sh.stt.base.BaseTest">
    <ignored/>
  </testcase> <!-- @AfterTest afterTest -->
  <testcase name="@BeforeSuite beforeSuite" time="0.0" classname="com.sh.stt.base.BaseTest">
    <ignored/>
  </testcase> <!-- @BeforeSuite beforeSuite -->
  <testcase name="@BeforeTest beforeTest" time="0.0" classname="com.sh.stt.base.BaseTest">
    <ignored/>
  </testcase> <!-- @BeforeTest beforeTest -->
</testsuite> <!-- wap-selenium -->
