<?xml version="1.0" encoding="UTF-8"?>
<testsuite xmlns:xsi="http://www.w3.org/2001/XMLSchema-instance" xsi:noNamespaceSchemaLocation="https://maven.apache.org/surefire/maven-surefire-plugin/xsd/surefire-test-report.xsd" name="TestSuite" time="28.824" tests="868" errors="0" skipped="682" failures="186">
  <properties>
[...]
</properties>
  <testcase name="beforeClass" classname="com.sh.stt.testcase.index.BJIndexTest" time="3.802">
    <failure type="java.lang.NullPointerException">java.lang.NullPointerException
</failure>
    <system-out><![CDATA[[TestNG] [WARN] Ignoring duplicate listener : com.sh.stt.listener.AssertListener
[TestNG] [WARN] Ignoring duplicate listener : com.sh.stt.listener.LogListener
2020-07-07 15:31:58.345 [main-26] INFO  com.sh.stt.util.PropertiesReader.readProperties - 读取项目配置文件
2020-07-07 15:31:58.359 [main-22] INFO  com.sh.stt.listener.LogListener.onStart - ====================wap-selenium开始====================
2020-07-07 15:31:58.368 [main-22] INFO  com.sh.stt.listener.LogListener.onStart - ====================wap-selenium开始====================
2020-07-07 15:31:58.538 [main-133] ERROR com.sh.stt.base.BaseDriver.startBrowser - chrome浏览器启动失败！
]]></system-out>
    <system-err><![CDATA[java.lang.IllegalStateException: The driver executable does not exist: D:\IDEA\wap-selenium\target\test-classes\driver\driver\chromedriver.exe
	at com.google.common.base.Preconditions.checkState(Preconditions.java:585)
	at org.openqa.selenium.remote.service.DriverService.checkExecutable(DriverService.java:146)
	at org.openqa.selenium.remote.service.DriverService.findExecutable(DriverService.java:141)
	at org.openqa.selenium.chrome.ChromeDriverService.access$000(ChromeDriverService.java:35)
	at org.openqa.selenium.chrome.ChromeDriverService$Builder.findDefaultExecutable(ChromeDriverService.java:159)
	at org.openqa.selenium.remote.service.DriverService$Builder.build(DriverService.java:355)
	at org.openqa.selenium.chrome.ChromeDriverService.createDefaultService(ChromeDriverService.java:94)
	at org.openqa.selenium.chrome.ChromeDriver.<init>(ChromeDriver.java:157)
	at com.sh.stt.base.BaseDriver.startBrowser(BaseDriver.java:130)
	at com.sh.stt.base.BaseTest.beforeClass(BaseTest.java:60)
	at sun.reflect.NativeMethodAccessorImpl.invoke0(Native Method)
	at sun.reflect.NativeMethodAccessorImpl.invoke(NativeMethodAccessorImpl.java:62)
	at sun.reflect.DelegatingMethodAccessorImpl.invoke(DelegatingMethodAccessorImpl.java:43)
	at java.lang.reflect.Method.invoke(Method.java:498)
	at org.testng.internal.MethodInvocationHelper.invokeMethod(MethodInvocationHelper.java:124)
	at org.testng.internal.MethodInvocationHelper.invokeMethodConsideringTimeout(MethodInvocationHelper.java:59)
	at org.testng.internal.Invoker.invokeConfigurationMethod(Invoker.java:458)
	at org.testng.internal.Invoker.invokeConfigurations(Invoker.java:222)
	at org.testng.internal.Invoker.invokeConfigurations(Invoker.java:142)
	at org.testng.internal.TestMethodWorker.invokeBeforeClassMethods(TestMethodWorker.java:168)
	at org.testng.internal.TestMethodWorker.run(TestMethodWorker.java:105)
	at org.testng.TestRunner.privateRun(TestRunner.java:648)
	at org.testng.TestRunner.run(TestRunner.java:505)
	at org.testng.SuiteRunner.runTest(SuiteRunner.java:455)
	at org.testng.SuiteRunner.runSequentially(SuiteRunner.java:450)
	at org.testng.SuiteRunner.privateRun(SuiteRunner.java:415)
	at org.testng.SuiteRunner.run(SuiteRunner.java:364)
	at org.testng.SuiteRunnerWorker.runSuite(SuiteRunnerWorker.java:52)
	at org.testng.SuiteRunnerWorker.run(SuiteRunnerWorker.java:84)
	at org.testng.TestNG.runSuitesSequentially(TestNG.java:1208)
	at org.testng.TestNG.runSuitesSequentially(TestNG.java:1204)
	at org.testng.TestNG.runSuitesLocally(TestNG.java:1137)
	at org.testng.TestNG.runSuites(TestNG.java:1049)
	at org.testng.TestNG.run(TestNG.java:1017)
	at org.apache.maven.surefire.testng.TestNGExecutor.run(TestNGExecutor.java:283)
	at org.apache.maven.surefire.testng.TestNGXmlTestSuite.execute(TestNGXmlTestSuite.java:75)
	at org.apache.maven.surefire.testng.TestNGProvider.invoke(TestNGProvider.java:120)
	at org.apache.maven.surefire.booter.ForkedBooter.invokeProviderInSameClassLoader(ForkedBooter.java:384)
	at org.apache.maven.surefire.booter.ForkedBooter.runSuitesInProcess(ForkedBooter.java:345)
	at org.apache.maven.surefire.booter.ForkedBooter.execute(ForkedBooter.java:126)
	at org.apache.maven.surefire.booter.ForkedBooter.main(ForkedBooter.java:418)
]]></system-err>
  </testcase>
  <testcase name="beforeMethod" classname="com.sh.stt.testcase.index.BJIndexTest" time="0">
    <skipped/>
  </testcase>
  <testcase name="beforeMethod" classname="com.sh.stt.testcase.index.BJIndexTest" time="0">
    <skipped/>
    <system-out><![CDATA[2020-07-07 15:31:58.827 [main-68] INFO  com.sh.stt.listener.LogListener.onTestSkipped - ========com.sh.stt.testcase.index.BJIndexTest.advBannerListTest跳过测试========
]]></system-out>
  </testcase>
  <testcase name="beforeMethod" classname="com.sh.stt.testcase.index.BJIndexTest" time="0">
    <skipped/>
    <system-out><![CDATA[2020-07-07 15:31:58.840 [main-68] INFO  com.sh.stt.listener.LogListener.onTestSkipped - ========com.sh.stt.testcase.index.BJIndexTest.quickListTest跳过测试========
]]></system-out>
  </testcase>
  <testcase name="beforeMethod" classname="com.sh.stt.testcase.index.BJIndexTest" time="0">
    <skipped/>
    <system-out><![CDATA[2020-07-07 15:31:58.851 [main-68] INFO  com.sh.stt.listener.LogListener.onTestSkipped - ========com.sh.stt.testcase.index.BJIndexTest.tlAdvListTest跳过测试========
]]></system-out>
  </testcase>
  <testcase name="beforeMethod" classname="com.sh.stt.testcase.index.BJIndexTest" time="0">
    <skipped/>
    <system-out><![CDATA[2020-07-07 15:31:58.866 [main-68] INFO  com.sh.stt.listener.LogListener.onTestSkipped - ========com.sh.stt.testcase.index.BJIndexTest.familyShareListTest跳过测试========
]]></system-out>
  </testcase>
  <testcase name="beforeMethod" classname="com.sh.stt.testcase.index.BJIndexTest" time="0">
    <skipped/>
    <system-out><![CDATA[2020-07-07 15:31:58.877 [main-68] INFO  com.sh.stt.listener.LogListener.onTestSkipped - ========com.sh.stt.testcase.index.BJIndexTest.terminalRecomListTest跳过测试========
]]></system-out>
  </testcase>
  <testcase name="beforeMethod" classname="com.sh.stt.testcase.index.BJIndexTest" time="0">
    <skipped/>
    <system-out><![CDATA[2020-07-07 15:31:58.887 [main-68] INFO  com.sh.stt.listener.LogListener.onTestSkipped - ========com.sh.stt.testcase.index.BJIndexTest.serviceRecomListTest跳过测试========
]]></system-out>
  </testcase>
  <testcase name="beforeMethod" classname="com.sh.stt.testcase.index.BJIndexTest" time="0">
    <skipped/>
    <system-out><![CDATA[2020-07-07 15:31:58.892 [main-68] INFO  com.sh.stt.listener.LogListener.onTestSkipped - ========com.sh.stt.testcase.index.BJIndexTest.cardRecomLeftTest跳过测试========
]]></system-out>
  </testcase>
  <testcase name="beforeMethod" classname="com.sh.stt.testcase.index.BJIndexTest" time="0">
    <skipped/>
    <system-out><![CDATA[2020-07-07 15:31:58.898 [main-68] INFO  com.sh.stt.listener.LogListener.onTestSkipped - ========com.sh.stt.testcase.index.BJIndexTest.cardRecomRightListTest跳过测试========
]]></system-out>
  </testcase>
  <testcase name="advBannerListTest" classname="com.sh.stt.testcase.index.BJIndexTest" time="0">
    <skipped/>
    <system-out><![CDATA[2020-07-07 15:31:58.815 [main-68] INFO  com.sh.stt.listener.LogListener.onTestSkipped - ========com.sh.stt.testcase.index.BJIndexTest.advBannerListTest跳过测试========
]]></system-out>
  </testcase>
  <testcase name="quickListTest" classname="com.sh.stt.testcase.index.BJIndexTest" time="0">
    <skipped/>
    <system-out><![CDATA[2020-07-07 15:31:58.828 [main-68] INFO  com.sh.stt.listener.LogListener.onTestSkipped - ========com.sh.stt.testcase.index.BJIndexTest.quickListTest跳过测试========
]]></system-out>
  </testcase>
  <testcase name="tlAdvListTest" classname="com.sh.stt.testcase.index.BJIndexTest" time="0">
    <skipped/>
    <system-out><![CDATA[2020-07-07 15:31:58.841 [main-68] INFO  com.sh.stt.listener.LogListener.onTestSkipped - ========com.sh.stt.testcase.index.BJIndexTest.tlAdvListTest跳过测试========
]]></system-out>
  </testcase>
  <testcase name="familyShareListTest" classname="com.sh.stt.testcase.index.BJIndexTest" time="0">
    <skipped/>
    <system-out><![CDATA[2020-07-07 15:31:58.852 [main-68] INFO  com.sh.stt.listener.LogListener.onTestSkipped - ========com.sh.stt.testcase.index.BJIndexTest.familyShareListTest跳过测试========
]]></system-out>
  </testcase>
  <testcase name="terminalRecomListTest" classname="com.sh.stt.testcase.index.BJIndexTest" time="0">
    <skipped/>
    <system-out><![CDATA[2020-07-07 15:31:58.867 [main-68] INFO  com.sh.stt.listener.LogListener.onTestSkipped - ========com.sh.stt.testcase.index.BJIndexTest.terminalRecomListTest跳过测试========
]]></system-out>
  </testcase>
  <testcase name="serviceRecomListTest" classname="com.sh.stt.testcase.index.BJIndexTest" time="0">
    <skipped/>
    <system-out><![CDATA[2020-07-07 15:31:58.878 [main-68] INFO  com.sh.stt.listener.LogListener.onTestSkipped - ========com.sh.stt.testcase.index.BJIndexTest.serviceRecomListTest跳过测试========
]]></system-out>
  </testcase>
  <testcase name="cardRecomLeftTest" classname="com.sh.stt.testcase.index.BJIndexTest" time="0">
    <skipped/>
    <system-out><![CDATA[2020-07-07 15:31:58.888 [main-68] INFO  com.sh.stt.listener.LogListener.onTestSkipped - ========com.sh.stt.testcase.index.BJIndexTest.cardRecomLeftTest跳过测试========
]]></system-out>
  </testcase>
  <testcase name="cardRecomRightListTest" classname="com.sh.stt.testcase.index.BJIndexTest" time="0">
    <skipped/>
    <system-out><![CDATA[2020-07-07 15:31:58.893 [main-68] INFO  com.sh.stt.listener.LogListener.onTestSkipped - ========com.sh.stt.testcase.index.BJIndexTest.cardRecomRightListTest跳过测试========
]]></system-out>
  </testcase>
  <testcase name="featureListTest" classname="com.sh.stt.testcase.index.BJIndexTest" time="0">
    <skipped/>
    <system-out><![CDATA[2020-07-07 15:31:58.899 [main-68] INFO  com.sh.stt.listener.LogListener.onTestSkipped - ========com.sh.stt.testcase.index.BJIndexTest.featureListTest跳过测试========
]]></system-out>
  </testcase>
  <testcase name="afterClass" classname="com.sh.stt.testcase.index.BJIndexTest" time="4.093">
    <failure type="java.lang.NullPointerException">java.lang.NullPointerException
</failure>
    <system-out><![CDATA[2020-07-07 15:31:58.908 [main-68] INFO  com.sh.stt.listener.LogListener.onTestSkipped - ========com.sh.stt.testcase.index.BJIndexTest.featureListTest跳过测试========
]]></system-out>
  </testcase>
  <testcase name="beforeClass" classname="com.sh.stt.testcase.index.AHIndexTest" time="4.513">
    <failure type="java.lang.NullPointerException">java.lang.NullPointerException
</failure>
    <system-out><![CDATA[2020-07-07 15:31:58.943 [main-133] ERROR com.sh.stt.base.BaseDriver.startBrowser - chrome浏览器启动失败！
]]></system-out>
    <system-err><![CDATA[java.lang.IllegalStateException: The driver executable does not exist: D:\IDEA\wap-selenium\target\test-classes\driver\driver\chromedriver.exe
	at com.google.common.base.Preconditions.checkState(Preconditions.java:585)
	at org.openqa.selenium.remote.service.DriverService.checkExecutable(DriverService.java:146)
	at org.openqa.selenium.remote.service.DriverService.findExecutable(DriverService.java:141)
	at org.openqa.selenium.chrome.ChromeDriverService.access$000(ChromeDriverService.java:35)
	at org.openqa.selenium.chrome.ChromeDriverService$Builder.findDefaultExecutable(ChromeDriverService.java:159)
	at org.openqa.selenium.remote.service.DriverService$Builder.build(DriverService.java:355)
	at org.openqa.selenium.chrome.ChromeDriverService.createDefaultService(ChromeDriverService.java:94)
	at org.openqa.selenium.chrome.ChromeDriver.<init>(ChromeDriver.java:157)
	at com.sh.stt.base.BaseDriver.startBrowser(BaseDriver.java:130)
	at com.sh.stt.base.BaseTest.beforeClass(BaseTest.java:60)
	at sun.reflect.NativeMethodAccessorImpl.invoke0(Native Method)
	at sun.reflect.NativeMethodAccessorImpl.invoke(NativeMethodAccessorImpl.java:62)
	at sun.reflect.DelegatingMethodAccessorImpl.invoke(DelegatingMethodAccessorImpl.java:43)
	at java.lang.reflect.Method.invoke(Method.java:498)
	at org.testng.internal.MethodInvocationHelper.invokeMethod(MethodInvocationHelper.java:124)
	at org.testng.internal.MethodInvocationHelper.invokeMethodConsideringTimeout(MethodInvocationHelper.java:59)
	at org.testng.internal.Invoker.invokeConfigurationMethod(Invoker.java:458)
	at org.testng.internal.Invoker.invokeConfigurations(Invoker.java:222)
	at org.testng.internal.Invoker.invokeConfigurations(Invoker.java:142)
	at org.testng.internal.TestMethodWorker.invokeBeforeClassMethods(TestMethodWorker.java:168)
	at org.testng.internal.TestMethodWorker.run(TestMethodWorker.java:105)
	at org.testng.TestRunner.privateRun(TestRunner.java:648)
	at org.testng.TestRunner.run(TestRunner.java:505)
	at org.testng.SuiteRunner.runTest(SuiteRunner.java:455)
	at org.testng.SuiteRunner.runSequentially(SuiteRunner.java:450)
	at org.testng.SuiteRunner.privateRun(SuiteRunner.java:415)
	at org.testng.SuiteRunner.run(SuiteRunner.java:364)
	at org.testng.SuiteRunnerWorker.runSuite(SuiteRunnerWorker.java:52)
	at org.testng.SuiteRunnerWorker.run(SuiteRunnerWorker.java:84)
	at org.testng.TestNG.runSuitesSequentially(TestNG.java:1208)
	at org.testng.TestNG.runSuitesSequentially(TestNG.java:1204)
	at org.testng.TestNG.runSuitesLocally(TestNG.java:1137)
	at org.testng.TestNG.runSuites(TestNG.java:1049)
	at org.testng.TestNG.run(TestNG.java:1017)
	at org.apache.maven.surefire.testng.TestNGExecutor.run(TestNGExecutor.java:283)
	at org.apache.maven.surefire.testng.TestNGXmlTestSuite.execute(TestNGXmlTestSuite.java:75)
	at org.apache.maven.surefire.testng.TestNGProvider.invoke(TestNGProvider.java:120)
	at org.apache.maven.surefire.booter.ForkedBooter.invokeProviderInSameClassLoader(ForkedBooter.java:384)
	at org.apache.maven.surefire.booter.ForkedBooter.runSuitesInProcess(ForkedBooter.java:345)
	at org.apache.maven.surefire.booter.ForkedBooter.execute(ForkedBooter.java:126)
	at org.apache.maven.surefire.booter.ForkedBooter.main(ForkedBooter.java:418)
]]></system-err>
  </testcase>
  <testcase name="beforeMethod" classname="com.sh.stt.testcase.index.AHIndexTest" time="0">
    <skipped/>
  </testcase>
  <testcase name="beforeMethod" classname="com.sh.stt.testcase.index.AHIndexTest" time="0">
    <skipped/>
    <system-out><![CDATA[2020-07-07 15:31:58.951 [main-68] INFO  com.sh.stt.listener.LogListener.onTestSkipped - ========com.sh.stt.testcase.index.AHIndexTest.advBannerListTest跳过测试========
]]></system-out>
  </testcase>
  <testcase name="beforeMethod" classname="com.sh.stt.testcase.index.AHIndexTest" time="0">
    <skipped/>
    <system-out><![CDATA[2020-07-07 15:31:58.958 [main-68] INFO  com.sh.stt.listener.LogListener.onTestSkipped - ========com.sh.stt.testcase.index.AHIndexTest.quickListTest跳过测试========
]]></system-out>
  </testcase>
  <testcase name="beforeMethod" classname="com.sh.stt.testcase.index.AHIndexTest" time="0">
    <skipped/>
    <system-out><![CDATA[2020-07-07 15:31:58.966 [main-68] INFO  com.sh.stt.listener.LogListener.onTestSkipped - ========com.sh.stt.testcase.index.AHIndexTest.tlAdvListTest跳过测试========
]]></system-out>
  </testcase>
  <testcase name="beforeMethod" classname="com.sh.stt.testcase.index.AHIndexTest" time="0">
    <skipped/>
    <system-out><![CDATA[2020-07-07 15:31:58.975 [main-68] INFO  com.sh.stt.listener.LogListener.onTestSkipped - ========com.sh.stt.testcase.index.AHIndexTest.familyShareListTest跳过测试========
]]></system-out>
  </testcase>
  <testcase name="beforeMethod" classname="com.sh.stt.testcase.index.AHIndexTest" time="0">
    <skipped/>
    <system-out><![CDATA[2020-07-07 15:31:58.980 [main-68] INFO  com.sh.stt.listener.LogListener.onTestSkipped - ========com.sh.stt.testcase.index.AHIndexTest.terminalRecomListTest跳过测试========
]]></system-out>
  </testcase>
  <testcase name="beforeMethod" classname="com.sh.stt.testcase.index.AHIndexTest" time="0">
    <skipped/>
    <system-out><![CDATA[2020-07-07 15:31:58.987 [main-68] INFO  com.sh.stt.listener.LogListener.onTestSkipped - ========com.sh.stt.testcase.index.AHIndexTest.serviceRecomListTest跳过测试========
]]></system-out>
  </testcase>
  <testcase name="beforeMethod" classname="com.sh.stt.testcase.index.AHIndexTest" time="0">
    <skipped/>
    <system-out><![CDATA[2020-07-07 15:31:58.995 [main-68] INFO  com.sh.stt.listener.LogListener.onTestSkipped - ========com.sh.stt.testcase.index.AHIndexTest.cardRecomLeftTest跳过测试========
]]></system-out>
  </testcase>
  <testcase name="beforeMethod" classname="com.sh.stt.testcase.index.AHIndexTest" time="0">
    <skipped/>
    <system-out><![CDATA[2020-07-07 15:31:59.002 [main-68] INFO  com.sh.stt.listener.LogListener.onTestSkipped - ========com.sh.stt.testcase.index.AHIndexTest.cardRecomRightListTest跳过测试========
]]></system-out>
  </testcase>
  <testcase name="advBannerListTest" classname="com.sh.stt.testcase.index.AHIndexTest" time="0">
    <skipped/>
    <system-out><![CDATA[2020-07-07 15:31:58.948 [main-68] INFO  com.sh.stt.listener.LogListener.onTestSkipped - ========com.sh.stt.testcase.index.AHIndexTest.advBannerListTest跳过测试========
]]></system-out>
  </testcase>
  <testcase name="quickListTest" classname="com.sh.stt.testcase.index.AHIndexTest" time="0">
    <skipped/>
    <system-out><![CDATA[2020-07-07 15:31:58.952 [main-68] INFO  com.sh.stt.listener.LogListener.onTestSkipped - ========com.sh.stt.testcase.index.AHIndexTest.quickListTest跳过测试========
]]></system-out>
  </testcase>
  <testcase name="tlAdvListTest" classname="com.sh.stt.testcase.index.AHIndexTest" time="0">
    <skipped/>
    <system-out><![CDATA[2020-07-07 15:31:58.959 [main-68] INFO  com.sh.stt.listener.LogListener.onTestSkipped - ========com.sh.stt.testcase.index.AHIndexTest.tlAdvListTest跳过测试========
]]></system-out>
  </testcase>
  <testcase name="familyShareListTest" classname="com.sh.stt.testcase.index.AHIndexTest" time="0">
    <skipped/>
    <system-out><![CDATA[2020-07-07 15:31:58.966 [main-68] INFO  com.sh.stt.listener.LogListener.onTestSkipped - ========com.sh.stt.testcase.index.AHIndexTest.familyShareListTest跳过测试========
]]></system-out>
  </testcase>
  <testcase name="terminalRecomListTest" classname="com.sh.stt.testcase.index.AHIndexTest" time="0">
    <skipped/>
    <system-out><![CDATA[2020-07-07 15:31:58.976 [main-68] INFO  com.sh.stt.listener.LogListener.onTestSkipped - ========com.sh.stt.testcase.index.AHIndexTest.terminalRecomListTest跳过测试========
]]></system-out>
  </testcase>
  <testcase name="serviceRecomListTest" classname="com.sh.stt.testcase.index.AHIndexTest" time="0">
    <skipped/>
    <system-out><![CDATA[2020-07-07 15:31:58.981 [main-68] INFO  com.sh.stt.listener.LogListener.onTestSkipped - ========com.sh.stt.testcase.index.AHIndexTest.serviceRecomListTest跳过测试========
]]></system-out>
  </testcase>
  <testcase name="cardRecomLeftTest" classname="com.sh.stt.testcase.index.AHIndexTest" time="0">
    <skipped/>
    <system-out><![CDATA[2020-07-07 15:31:58.989 [main-68] INFO  com.sh.stt.listener.LogListener.onTestSkipped - ========com.sh.stt.testcase.index.AHIndexTest.cardRecomLeftTest跳过测试========
]]></system-out>
  </testcase>
  <testcase name="cardRecomRightListTest" classname="com.sh.stt.testcase.index.AHIndexTest" time="0">
    <skipped/>
    <system-out><![CDATA[2020-07-07 15:31:58.997 [main-68] INFO  com.sh.stt.listener.LogListener.onTestSkipped - ========com.sh.stt.testcase.index.AHIndexTest.cardRecomRightListTest跳过测试========
]]></system-out>
  </testcase>
  <testcase name="featureListTest" classname="com.sh.stt.testcase.index.AHIndexTest" time="0">
    <skipped/>
    <system-out><![CDATA[2020-07-07 15:31:59.003 [main-68] INFO  com.sh.stt.listener.LogListener.onTestSkipped - ========com.sh.stt.testcase.index.AHIndexTest.featureListTest跳过测试========
]]></system-out>
  </testcase>
  <testcase name="afterClass" classname="com.sh.stt.testcase.index.AHIndexTest" time="4.712">
    <failure type="java.lang.NullPointerException">java.lang.NullPointerException
</failure>
    <system-out><![CDATA[2020-07-07 15:31:59.008 [main-68] INFO  com.sh.stt.listener.LogListener.onTestSkipped - ========com.sh.stt.testcase.index.AHIndexTest.featureListTest跳过测试========
]]></system-out>
  </testcase>
  <testcase name="beforeClass" classname="com.sh.stt.testcase.index.CQIndexTest" time="4.959">
    <failure type="java.lang.NullPointerException">java.lang.NullPointerException
</failure>
    <system-out><![CDATA[2020-07-07 15:31:59.038 [main-133] ERROR com.sh.stt.base.BaseDriver.startBrowser - chrome浏览器启动失败！
]]></system-out>
    <system-err><![CDATA[java.lang.IllegalStateException: The driver executable does not exist: D:\IDEA\wap-selenium\target\test-classes\driver\driver\chromedriver.exe
	at com.google.common.base.Preconditions.checkState(Preconditions.java:585)
	at org.openqa.selenium.remote.service.DriverService.checkExecutable(DriverService.java:146)
	at org.openqa.selenium.remote.service.DriverService.findExecutable(DriverService.java:141)
	at org.openqa.selenium.chrome.ChromeDriverService.access$000(ChromeDriverService.java:35)
	at org.openqa.selenium.chrome.ChromeDriverService$Builder.findDefaultExecutable(ChromeDriverService.java:159)
	at org.openqa.selenium.remote.service.DriverService$Builder.build(DriverService.java:355)
	at org.openqa.selenium.chrome.ChromeDriverService.createDefaultService(ChromeDriverService.java:94)
	at org.openqa.selenium.chrome.ChromeDriver.<init>(ChromeDriver.java:157)
	at com.sh.stt.base.BaseDriver.startBrowser(BaseDriver.java:130)
	at com.sh.stt.base.BaseTest.beforeClass(BaseTest.java:60)
	at sun.reflect.NativeMethodAccessorImpl.invoke0(Native Method)
	at sun.reflect.NativeMethodAccessorImpl.invoke(NativeMethodAccessorImpl.java:62)
	at sun.reflect.DelegatingMethodAccessorImpl.invoke(DelegatingMethodAccessorImpl.java:43)
	at java.lang.reflect.Method.invoke(Method.java:498)
	at org.testng.internal.MethodInvocationHelper.invokeMethod(MethodInvocationHelper.java:124)
	at org.testng.internal.MethodInvocationHelper.invokeMethodConsideringTimeout(MethodInvocationHelper.java:59)
	at org.testng.internal.Invoker.invokeConfigurationMethod(Invoker.java:458)
	at org.testng.internal.Invoker.invokeConfigurations(Invoker.java:222)
	at org.testng.internal.Invoker.invokeConfigurations(Invoker.java:142)
	at org.testng.internal.TestMethodWorker.invokeBeforeClassMethods(TestMethodWorker.java:168)
	at org.testng.internal.TestMethodWorker.run(TestMethodWorker.java:105)
	at org.testng.TestRunner.privateRun(TestRunner.java:648)
	at org.testng.TestRunner.run(TestRunner.java:505)
	at org.testng.SuiteRunner.runTest(SuiteRunner.java:455)
	at org.testng.SuiteRunner.runSequentially(SuiteRunner.java:450)
	at org.testng.SuiteRunner.privateRun(SuiteRunner.java:415)
	at org.testng.SuiteRunner.run(SuiteRunner.java:364)
	at org.testng.SuiteRunnerWorker.runSuite(SuiteRunnerWorker.java:52)
	at org.testng.SuiteRunnerWorker.run(SuiteRunnerWorker.java:84)
	at org.testng.TestNG.runSuitesSequentially(TestNG.java:1208)
	at org.testng.TestNG.runSuitesSequentially(TestNG.java:1204)
	at org.testng.TestNG.runSuitesLocally(TestNG.java:1137)
	at org.testng.TestNG.runSuites(TestNG.java:1049)
	at org.testng.TestNG.run(TestNG.java:1017)
	at org.apache.maven.surefire.testng.TestNGExecutor.run(TestNGExecutor.java:283)
	at org.apache.maven.surefire.testng.TestNGXmlTestSuite.execute(TestNGXmlTestSuite.java:75)
	at org.apache.maven.surefire.testng.TestNGProvider.invoke(TestNGProvider.java:120)
	at org.apache.maven.surefire.booter.ForkedBooter.invokeProviderInSameClassLoader(ForkedBooter.java:384)
	at org.apache.maven.surefire.booter.ForkedBooter.runSuitesInProcess(ForkedBooter.java:345)
	at org.apache.maven.surefire.booter.ForkedBooter.execute(ForkedBooter.java:126)
	at org.apache.maven.surefire.booter.ForkedBooter.main(ForkedBooter.java:418)
]]></system-err>
  </testcase>
  <testcase name="beforeMethod" classname="com.sh.stt.testcase.index.CQIndexTest" time="0">
    <skipped/>
  </testcase>
  <testcase name="beforeMethod" classname="com.sh.stt.testcase.index.CQIndexTest" time="0">
    <skipped/>
    <system-out><![CDATA[2020-07-07 15:31:59.047 [main-68] INFO  com.sh.stt.listener.LogListener.onTestSkipped - ========com.sh.stt.testcase.index.CQIndexTest.advBannerListTest跳过测试========
]]></system-out>
  </testcase>
  <testcase name="beforeMethod" classname="com.sh.stt.testcase.index.CQIndexTest" time="0">
    <skipped/>
    <system-out><![CDATA[2020-07-07 15:31:59.053 [main-68] INFO  com.sh.stt.listener.LogListener.onTestSkipped - ========com.sh.stt.testcase.index.CQIndexTest.quickListTest跳过测试========
]]></system-out>
  </testcase>
  <testcase name="beforeMethod" classname="com.sh.stt.testcase.index.CQIndexTest" time="0">
    <skipped/>
    <system-out><![CDATA[2020-07-07 15:31:59.067 [main-68] INFO  com.sh.stt.listener.LogListener.onTestSkipped - ========com.sh.stt.testcase.index.CQIndexTest.tlAdvListTest跳过测试========
]]></system-out>
  </testcase>
  <testcase name="beforeMethod" classname="com.sh.stt.testcase.index.CQIndexTest" time="0">
    <skipped/>
    <system-out><![CDATA[2020-07-07 15:31:59.072 [main-68] INFO  com.sh.stt.listener.LogListener.onTestSkipped - ========com.sh.stt.testcase.index.CQIndexTest.familyShareListTest跳过测试========
]]></system-out>
  </testcase>
  <testcase name="beforeMethod" classname="com.sh.stt.testcase.index.CQIndexTest" time="0">
    <skipped/>
    <system-out><![CDATA[2020-07-07 15:31:59.082 [main-68] INFO  com.sh.stt.listener.LogListener.onTestSkipped - ========com.sh.stt.testcase.index.CQIndexTest.terminalRecomListTest跳过测试========
]]></system-out>
  </testcase>
  <testcase name="beforeMethod" classname="com.sh.stt.testcase.index.CQIndexTest" time="0">
    <skipped/>
    <system-out><![CDATA[2020-07-07 15:31:59.088 [main-68] INFO  com.sh.stt.listener.LogListener.onTestSkipped - ========com.sh.stt.testcase.index.CQIndexTest.serviceRecomListTest跳过测试========
]]></system-out>
  </testcase>
  <testcase name="beforeMethod" classname="com.sh.stt.testcase.index.CQIndexTest" time="0">
    <skipped/>
    <system-out><![CDATA[2020-07-07 15:31:59.093 [main-68] INFO  com.sh.stt.listener.LogListener.onTestSkipped - ========com.sh.stt.testcase.index.CQIndexTest.cardRecomLeftTest跳过测试========
]]></system-out>
  </testcase>
  <testcase name="beforeMethod" classname="com.sh.stt.testcase.index.CQIndexTest" time="0">
    <skipped/>
    <system-out><![CDATA[2020-07-07 15:31:59.104 [main-68] INFO  com.sh.stt.listener.LogListener.onTestSkipped - ========com.sh.stt.testcase.index.CQIndexTest.cardRecomRightListTest跳过测试========
]]></system-out>
  </testcase>
  <testcase name="advBannerListTest" classname="com.sh.stt.testcase.index.CQIndexTest" time="0">
    <skipped/>
    <system-out><![CDATA[2020-07-07 15:31:59.043 [main-68] INFO  com.sh.stt.listener.LogListener.onTestSkipped - ========com.sh.stt.testcase.index.CQIndexTest.advBannerListTest跳过测试========
]]></system-out>
  </testcase>
  <testcase name="quickListTest" classname="com.sh.stt.testcase.index.CQIndexTest" time="0">
    <skipped/>
    <system-out><![CDATA[2020-07-07 15:31:59.048 [main-68] INFO  com.sh.stt.listener.LogListener.onTestSkipped - ========com.sh.stt.testcase.index.CQIndexTest.quickListTest跳过测试========
]]></system-out>
  </testcase>
  <testcase name="tlAdvListTest" classname="com.sh.stt.testcase.index.CQIndexTest" time="0">
    <skipped/>
    <system-out><![CDATA[2020-07-07 15:31:59.061 [main-68] INFO  com.sh.stt.listener.LogListener.onTestSkipped - ========com.sh.stt.testcase.index.CQIndexTest.tlAdvListTest跳过测试========
]]></system-out>
  </testcase>
  <testcase name="familyShareListTest" classname="com.sh.stt.testcase.index.CQIndexTest" time="0">
    <skipped/>
    <system-out><![CDATA[2020-07-07 15:31:59.068 [main-68] INFO  com.sh.stt.listener.LogListener.onTestSkipped - ========com.sh.stt.testcase.index.CQIndexTest.familyShareListTest跳过测试========
]]></system-out>
  </testcase>
  <testcase name="terminalRecomListTest" classname="com.sh.stt.testcase.index.CQIndexTest" time="0">
    <skipped/>
    <system-out><![CDATA[2020-07-07 15:31:59.073 [main-68] INFO  com.sh.stt.listener.LogListener.onTestSkipped - ========com.sh.stt.testcase.index.CQIndexTest.terminalRecomListTest跳过测试========
]]></system-out>
  </testcase>
  <testcase name="serviceRecomListTest" classname="com.sh.stt.testcase.index.CQIndexTest" time="0">
    <skipped/>
    <system-out><![CDATA[2020-07-07 15:31:59.082 [main-68] INFO  com.sh.stt.listener.LogListener.onTestSkipped - ========com.sh.stt.testcase.index.CQIndexTest.serviceRecomListTest跳过测试========
]]></system-out>
  </testcase>
  <testcase name="cardRecomLeftTest" classname="com.sh.stt.testcase.index.CQIndexTest" time="0">
    <skipped/>
    <system-out><![CDATA[2020-07-07 15:31:59.089 [main-68] INFO  com.sh.stt.listener.LogListener.onTestSkipped - ========com.sh.stt.testcase.index.CQIndexTest.cardRecomLeftTest跳过测试========
]]></system-out>
  </testcase>
  <testcase name="cardRecomRightListTest" classname="com.sh.stt.testcase.index.CQIndexTest" time="0">
    <skipped/>
    <system-out><![CDATA[2020-07-07 15:31:59.094 [main-68] INFO  com.sh.stt.listener.LogListener.onTestSkipped - ========com.sh.stt.testcase.index.CQIndexTest.cardRecomRightListTest跳过测试========
]]></system-out>
  </testcase>
  <testcase name="featureListTest" classname="com.sh.stt.testcase.index.CQIndexTest" time="0">
    <skipped/>
    <system-out><![CDATA[2020-07-07 15:31:59.105 [main-68] INFO  com.sh.stt.listener.LogListener.onTestSkipped - ========com.sh.stt.testcase.index.CQIndexTest.featureListTest跳过测试========
]]></system-out>
  </testcase>
  <testcase name="afterClass" classname="com.sh.stt.testcase.index.CQIndexTest" time="5.122">
    <failure type="java.lang.NullPointerException">java.lang.NullPointerException
</failure>
    <system-out><![CDATA[2020-07-07 15:31:59.114 [main-68] INFO  com.sh.stt.listener.LogListener.onTestSkipped - ========com.sh.stt.testcase.index.CQIndexTest.featureListTest跳过测试========
]]></system-out>
  </testcase>
  <testcase name="beforeClass" classname="com.sh.stt.testcase.index.FJIndexTest" time="5.316">
    <failure type="java.lang.NullPointerException">java.lang.NullPointerException
</failure>
    <system-out><![CDATA[2020-07-07 15:31:59.146 [main-133] ERROR com.sh.stt.base.BaseDriver.startBrowser - chrome浏览器启动失败！
]]></system-out>
    <system-err><![CDATA[java.lang.IllegalStateException: The driver executable does not exist: D:\IDEA\wap-selenium\target\test-classes\driver\driver\chromedriver.exe
	at com.google.common.base.Preconditions.checkState(Preconditions.java:585)
	at org.openqa.selenium.remote.service.DriverService.checkExecutable(DriverService.java:146)
	at org.openqa.selenium.remote.service.DriverService.findExecutable(DriverService.java:141)
	at org.openqa.selenium.chrome.ChromeDriverService.access$000(ChromeDriverService.java:35)
	at org.openqa.selenium.chrome.ChromeDriverService$Builder.findDefaultExecutable(ChromeDriverService.java:159)
	at org.openqa.selenium.remote.service.DriverService$Builder.build(DriverService.java:355)
	at org.openqa.selenium.chrome.ChromeDriverService.createDefaultService(ChromeDriverService.java:94)
	at org.openqa.selenium.chrome.ChromeDriver.<init>(ChromeDriver.java:157)
	at com.sh.stt.base.BaseDriver.startBrowser(BaseDriver.java:130)
	at com.sh.stt.base.BaseTest.beforeClass(BaseTest.java:60)
	at sun.reflect.NativeMethodAccessorImpl.invoke0(Native Method)
	at sun.reflect.NativeMethodAccessorImpl.invoke(NativeMethodAccessorImpl.java:62)
	at sun.reflect.DelegatingMethodAccessorImpl.invoke(DelegatingMethodAccessorImpl.java:43)
	at java.lang.reflect.Method.invoke(Method.java:498)
	at org.testng.internal.MethodInvocationHelper.invokeMethod(MethodInvocationHelper.java:124)
	at org.testng.internal.MethodInvocationHelper.invokeMethodConsideringTimeout(MethodInvocationHelper.java:59)
	at org.testng.internal.Invoker.invokeConfigurationMethod(Invoker.java:458)
	at org.testng.internal.Invoker.invokeConfigurations(Invoker.java:222)
	at org.testng.internal.Invoker.invokeConfigurations(Invoker.java:142)
	at org.testng.internal.TestMethodWorker.invokeBeforeClassMethods(TestMethodWorker.java:168)
	at org.testng.internal.TestMethodWorker.run(TestMethodWorker.java:105)
	at org.testng.TestRunner.privateRun(TestRunner.java:648)
	at org.testng.TestRunner.run(TestRunner.java:505)
	at org.testng.SuiteRunner.runTest(SuiteRunner.java:455)
	at org.testng.SuiteRunner.runSequentially(SuiteRunner.java:450)
	at org.testng.SuiteRunner.privateRun(SuiteRunner.java:415)
	at org.testng.SuiteRunner.run(SuiteRunner.java:364)
	at org.testng.SuiteRunnerWorker.runSuite(SuiteRunnerWorker.java:52)
	at org.testng.SuiteRunnerWorker.run(SuiteRunnerWorker.java:84)
	at org.testng.TestNG.runSuitesSequentially(TestNG.java:1208)
	at org.testng.TestNG.runSuitesSequentially(TestNG.java:1204)
	at org.testng.TestNG.runSuitesLocally(TestNG.java:1137)
	at org.testng.TestNG.runSuites(TestNG.java:1049)
	at org.testng.TestNG.run(TestNG.java:1017)
	at org.apache.maven.surefire.testng.TestNGExecutor.run(TestNGExecutor.java:283)
	at org.apache.maven.surefire.testng.TestNGXmlTestSuite.execute(TestNGXmlTestSuite.java:75)
	at org.apache.maven.surefire.testng.TestNGProvider.invoke(TestNGProvider.java:120)
	at org.apache.maven.surefire.booter.ForkedBooter.invokeProviderInSameClassLoader(ForkedBooter.java:384)
	at org.apache.maven.surefire.booter.ForkedBooter.runSuitesInProcess(ForkedBooter.java:345)
	at org.apache.maven.surefire.booter.ForkedBooter.execute(ForkedBooter.java:126)
	at org.apache.maven.surefire.booter.ForkedBooter.main(ForkedBooter.java:418)
]]></system-err>
  </testcase>
  <testcase name="beforeMethod" classname="com.sh.stt.testcase.index.FJIndexTest" time="0">
    <skipped/>
  </testcase>
  <testcase name="beforeMethod" classname="com.sh.stt.testcase.index.FJIndexTest" time="0">
    <skipped/>
    <system-out><![CDATA[2020-07-07 15:31:59.157 [main-68] INFO  com.sh.stt.listener.LogListener.onTestSkipped - ========com.sh.stt.testcase.index.FJIndexTest.advBannerListTest跳过测试========
]]></system-out>
  </testcase>
  <testcase name="beforeMethod" classname="com.sh.stt.testcase.index.FJIndexTest" time="0">
    <skipped/>
    <system-out><![CDATA[2020-07-07 15:31:59.167 [main-68] INFO  com.sh.stt.listener.LogListener.onTestSkipped - ========com.sh.stt.testcase.index.FJIndexTest.quickListTest跳过测试========
]]></system-out>
  </testcase>
  <testcase name="beforeMethod" classname="com.sh.stt.testcase.index.FJIndexTest" time="0">
    <skipped/>
    <system-out><![CDATA[2020-07-07 15:31:59.172 [main-68] INFO  com.sh.stt.listener.LogListener.onTestSkipped - ========com.sh.stt.testcase.index.FJIndexTest.tlAdvListTest跳过测试========
]]></system-out>
  </testcase>
  <testcase name="beforeMethod" classname="com.sh.stt.testcase.index.FJIndexTest" time="0">
    <skipped/>
    <system-out><![CDATA[2020-07-07 15:31:59.185 [main-68] INFO  com.sh.stt.listener.LogListener.onTestSkipped - ========com.sh.stt.testcase.index.FJIndexTest.familyShareListTest跳过测试========
]]></system-out>
  </testcase>
  <testcase name="beforeMethod" classname="com.sh.stt.testcase.index.FJIndexTest" time="0">
    <skipped/>
    <system-out><![CDATA[2020-07-07 15:31:59.192 [main-68] INFO  com.sh.stt.listener.LogListener.onTestSkipped - ========com.sh.stt.testcase.index.FJIndexTest.terminalRecomListTest跳过测试========
]]></system-out>
  </testcase>
  <testcase name="beforeMethod" classname="com.sh.stt.testcase.index.FJIndexTest" time="0">
    <skipped/>
    <system-out><![CDATA[2020-07-07 15:31:59.198 [main-68] INFO  com.sh.stt.listener.LogListener.onTestSkipped - ========com.sh.stt.testcase.index.FJIndexTest.serviceRecomListTest跳过测试========
]]></system-out>
  </testcase>
  <testcase name="beforeMethod" classname="com.sh.stt.testcase.index.FJIndexTest" time="0">
    <skipped/>
    <system-out><![CDATA[2020-07-07 15:31:59.204 [main-68] INFO  com.sh.stt.listener.LogListener.onTestSkipped - ========com.sh.stt.testcase.index.FJIndexTest.cardRecomLeftTest跳过测试========
]]></system-out>
  </testcase>
  <testcase name="beforeMethod" classname="com.sh.stt.testcase.index.FJIndexTest" time="0">
    <skipped/>
    <system-out><![CDATA[2020-07-07 15:31:59.211 [main-68] INFO  com.sh.stt.listener.LogListener.onTestSkipped - ========com.sh.stt.testcase.index.FJIndexTest.cardRecomRightListTest跳过测试========
]]></system-out>
  </testcase>
  <testcase name="advBannerListTest" classname="com.sh.stt.testcase.index.FJIndexTest" time="0">
    <skipped/>
    <system-out><![CDATA[2020-07-07 15:31:59.152 [main-68] INFO  com.sh.stt.listener.LogListener.onTestSkipped - ========com.sh.stt.testcase.index.FJIndexTest.advBannerListTest跳过测试========
]]></system-out>
  </testcase>
  <testcase name="quickListTest" classname="com.sh.stt.testcase.index.FJIndexTest" time="0">
    <skipped/>
    <system-out><![CDATA[2020-07-07 15:31:59.158 [main-68] INFO  com.sh.stt.listener.LogListener.onTestSkipped - ========com.sh.stt.testcase.index.FJIndexTest.quickListTest跳过测试========
]]></system-out>
  </testcase>
  <testcase name="tlAdvListTest" classname="com.sh.stt.testcase.index.FJIndexTest" time="0">
    <skipped/>
    <system-out><![CDATA[2020-07-07 15:31:59.168 [main-68] INFO  com.sh.stt.listener.LogListener.onTestSkipped - ========com.sh.stt.testcase.index.FJIndexTest.tlAdvListTest跳过测试========
]]></system-out>
  </testcase>
  <testcase name="familyShareListTest" classname="com.sh.stt.testcase.index.FJIndexTest" time="0">
    <skipped/>
    <system-out><![CDATA[2020-07-07 15:31:59.174 [main-68] INFO  com.sh.stt.listener.LogListener.onTestSkipped - ========com.sh.stt.testcase.index.FJIndexTest.familyShareListTest跳过测试========
]]></system-out>
  </testcase>
  <testcase name="terminalRecomListTest" classname="com.sh.stt.testcase.index.FJIndexTest" time="0">
    <skipped/>
    <system-out><![CDATA[2020-07-07 15:31:59.185 [main-68] INFO  com.sh.stt.listener.LogListener.onTestSkipped - ========com.sh.stt.testcase.index.FJIndexTest.terminalRecomListTest跳过测试========
]]></system-out>
  </testcase>
  <testcase name="serviceRecomListTest" classname="com.sh.stt.testcase.index.FJIndexTest" time="0">
    <skipped/>
    <system-out><![CDATA[2020-07-07 15:31:59.193 [main-68] INFO  com.sh.stt.listener.LogListener.onTestSkipped - ========com.sh.stt.testcase.index.FJIndexTest.serviceRecomListTest跳过测试========
]]></system-out>
  </testcase>
  <testcase name="cardRecomLeftTest" classname="com.sh.stt.testcase.index.FJIndexTest" time="0">
    <skipped/>
    <system-out><![CDATA[2020-07-07 15:31:59.199 [main-68] INFO  com.sh.stt.listener.LogListener.onTestSkipped - ========com.sh.stt.testcase.index.FJIndexTest.cardRecomLeftTest跳过测试========
]]></system-out>
  </testcase>
  <testcase name="cardRecomRightListTest" classname="com.sh.stt.testcase.index.FJIndexTest" time="0">
    <skipped/>
    <system-out><![CDATA[2020-07-07 15:31:59.205 [main-68] INFO  com.sh.stt.listener.LogListener.onTestSkipped - ========com.sh.stt.testcase.index.FJIndexTest.cardRecomRightListTest跳过测试========
]]></system-out>
  </testcase>
  <testcase name="featureListTest" classname="com.sh.stt.testcase.index.FJIndexTest" time="0">
    <skipped/>
    <system-out><![CDATA[2020-07-07 15:31:59.213 [main-68] INFO  com.sh.stt.listener.LogListener.onTestSkipped - ========com.sh.stt.testcase.index.FJIndexTest.featureListTest跳过测试========
]]></system-out>
  </testcase>
  <testcase name="afterClass" classname="com.sh.stt.testcase.index.FJIndexTest" time="5.494">
    <failure type="java.lang.NullPointerException">java.lang.NullPointerException
</failure>
    <system-out><![CDATA[2020-07-07 15:31:59.219 [main-68] INFO  com.sh.stt.listener.LogListener.onTestSkipped - ========com.sh.stt.testcase.index.FJIndexTest.featureListTest跳过测试========
]]></system-out>
  </testcase>
  <testcase name="beforeClass" classname="com.sh.stt.testcase.index.GDIndexTest" time="5.691">
    <failure type="java.lang.NullPointerException">java.lang.NullPointerException
</failure>
    <system-out><![CDATA[2020-07-07 15:31:59.251 [main-133] ERROR com.sh.stt.base.BaseDriver.startBrowser - chrome浏览器启动失败！
]]></system-out>
    <system-err><![CDATA[java.lang.IllegalStateException: The driver executable does not exist: D:\IDEA\wap-selenium\target\test-classes\driver\driver\chromedriver.exe
	at com.google.common.base.Preconditions.checkState(Preconditions.java:585)
	at org.openqa.selenium.remote.service.DriverService.checkExecutable(DriverService.java:146)
	at org.openqa.selenium.remote.service.DriverService.findExecutable(DriverService.java:141)
	at org.openqa.selenium.chrome.ChromeDriverService.access$000(ChromeDriverService.java:35)
	at org.openqa.selenium.chrome.ChromeDriverService$Builder.findDefaultExecutable(ChromeDriverService.java:159)
	at org.openqa.selenium.remote.service.DriverService$Builder.build(DriverService.java:355)
	at org.openqa.selenium.chrome.ChromeDriverService.createDefaultService(ChromeDriverService.java:94)
	at org.openqa.selenium.chrome.ChromeDriver.<init>(ChromeDriver.java:157)
	at com.sh.stt.base.BaseDriver.startBrowser(BaseDriver.java:130)
	at com.sh.stt.base.BaseTest.beforeClass(BaseTest.java:60)
	at sun.reflect.NativeMethodAccessorImpl.invoke0(Native Method)
	at sun.reflect.NativeMethodAccessorImpl.invoke(NativeMethodAccessorImpl.java:62)
	at sun.reflect.DelegatingMethodAccessorImpl.invoke(DelegatingMethodAccessorImpl.java:43)
	at java.lang.reflect.Method.invoke(Method.java:498)
	at org.testng.internal.MethodInvocationHelper.invokeMethod(MethodInvocationHelper.java:124)
	at org.testng.internal.MethodInvocationHelper.invokeMethodConsideringTimeout(MethodInvocationHelper.java:59)
	at org.testng.internal.Invoker.invokeConfigurationMethod(Invoker.java:458)
	at org.testng.internal.Invoker.invokeConfigurations(Invoker.java:222)
	at org.testng.internal.Invoker.invokeConfigurations(Invoker.java:142)
	at org.testng.internal.TestMethodWorker.invokeBeforeClassMethods(TestMethodWorker.java:168)
	at org.testng.internal.TestMethodWorker.run(TestMethodWorker.java:105)
	at org.testng.TestRunner.privateRun(TestRunner.java:648)
	at org.testng.TestRunner.run(TestRunner.java:505)
	at org.testng.SuiteRunner.runTest(SuiteRunner.java:455)
	at org.testng.SuiteRunner.runSequentially(SuiteRunner.java:450)
	at org.testng.SuiteRunner.privateRun(SuiteRunner.java:415)
	at org.testng.SuiteRunner.run(SuiteRunner.java:364)
	at org.testng.SuiteRunnerWorker.runSuite(SuiteRunnerWorker.java:52)
	at org.testng.SuiteRunnerWorker.run(SuiteRunnerWorker.java:84)
	at org.testng.TestNG.runSuitesSequentially(TestNG.java:1208)
	at org.testng.TestNG.runSuitesSequentially(TestNG.java:1204)
	at org.testng.TestNG.runSuitesLocally(TestNG.java:1137)
	at org.testng.TestNG.runSuites(TestNG.java:1049)
	at org.testng.TestNG.run(TestNG.java:1017)
	at org.apache.maven.surefire.testng.TestNGExecutor.run(TestNGExecutor.java:283)
	at org.apache.maven.surefire.testng.TestNGXmlTestSuite.execute(TestNGXmlTestSuite.java:75)
	at org.apache.maven.surefire.testng.TestNGProvider.invoke(TestNGProvider.java:120)
	at org.apache.maven.surefire.booter.ForkedBooter.invokeProviderInSameClassLoader(ForkedBooter.java:384)
	at org.apache.maven.surefire.booter.ForkedBooter.runSuitesInProcess(ForkedBooter.java:345)
	at org.apache.maven.surefire.booter.ForkedBooter.execute(ForkedBooter.java:126)
	at org.apache.maven.surefire.booter.ForkedBooter.main(ForkedBooter.java:418)
]]></system-err>
  </testcase>
  <testcase name="beforeMethod" classname="com.sh.stt.testcase.index.GDIndexTest" time="0">
    <skipped/>
  </testcase>
  <testcase name="beforeMethod" classname="com.sh.stt.testcase.index.GDIndexTest" time="0">
    <skipped/>
    <system-out><![CDATA[2020-07-07 15:31:59.261 [main-68] INFO  com.sh.stt.listener.LogListener.onTestSkipped - ========com.sh.stt.testcase.index.GDIndexTest.advBannerListTest跳过测试========
]]></system-out>
  </testcase>
  <testcase name="beforeMethod" classname="com.sh.stt.testcase.index.GDIndexTest" time="0">
    <skipped/>
    <system-out><![CDATA[2020-07-07 15:31:59.266 [main-68] INFO  com.sh.stt.listener.LogListener.onTestSkipped - ========com.sh.stt.testcase.index.GDIndexTest.quickListTest跳过测试========
]]></system-out>
  </testcase>
  <testcase name="beforeMethod" classname="com.sh.stt.testcase.index.GDIndexTest" time="0">
    <skipped/>
    <system-out><![CDATA[2020-07-07 15:31:59.274 [main-68] INFO  com.sh.stt.listener.LogListener.onTestSkipped - ========com.sh.stt.testcase.index.GDIndexTest.tlAdvListTest跳过测试========
]]></system-out>
  </testcase>
  <testcase name="beforeMethod" classname="com.sh.stt.testcase.index.GDIndexTest" time="0">
    <skipped/>
    <system-out><![CDATA[2020-07-07 15:31:59.279 [main-68] INFO  com.sh.stt.listener.LogListener.onTestSkipped - ========com.sh.stt.testcase.index.GDIndexTest.familyShareListTest跳过测试========
]]></system-out>
  </testcase>
  <testcase name="beforeMethod" classname="com.sh.stt.testcase.index.GDIndexTest" time="0">
    <skipped/>
    <system-out><![CDATA[2020-07-07 15:31:59.284 [main-68] INFO  com.sh.stt.listener.LogListener.onTestSkipped - ========com.sh.stt.testcase.index.GDIndexTest.terminalRecomListTest跳过测试========
]]></system-out>
  </testcase>
  <testcase name="beforeMethod" classname="com.sh.stt.testcase.index.GDIndexTest" time="0">
    <skipped/>
    <system-out><![CDATA[2020-07-07 15:31:59.288 [main-68] INFO  com.sh.stt.listener.LogListener.onTestSkipped - ========com.sh.stt.testcase.index.GDIndexTest.serviceRecomListTest跳过测试========
]]></system-out>
  </testcase>
  <testcase name="beforeMethod" classname="com.sh.stt.testcase.index.GDIndexTest" time="0">
    <skipped/>
    <system-out><![CDATA[2020-07-07 15:31:59.292 [main-68] INFO  com.sh.stt.listener.LogListener.onTestSkipped - ========com.sh.stt.testcase.index.GDIndexTest.cardRecomLeftTest跳过测试========
]]></system-out>
  </testcase>
  <testcase name="beforeMethod" classname="com.sh.stt.testcase.index.GDIndexTest" time="0">
    <skipped/>
    <system-out><![CDATA[2020-07-07 15:31:59.300 [main-68] INFO  com.sh.stt.listener.LogListener.onTestSkipped - ========com.sh.stt.testcase.index.GDIndexTest.cardRecomRightListTest跳过测试========
]]></system-out>
  </testcase>
  <testcase name="advBannerListTest" classname="com.sh.stt.testcase.index.GDIndexTest" time="0">
    <skipped/>
    <system-out><![CDATA[2020-07-07 15:31:59.255 [main-68] INFO  com.sh.stt.listener.LogListener.onTestSkipped - ========com.sh.stt.testcase.index.GDIndexTest.advBannerListTest跳过测试========
]]></system-out>
  </testcase>
  <testcase name="quickListTest" classname="com.sh.stt.testcase.index.GDIndexTest" time="0">
    <skipped/>
    <system-out><![CDATA[2020-07-07 15:31:59.262 [main-68] INFO  com.sh.stt.listener.LogListener.onTestSkipped - ========com.sh.stt.testcase.index.GDIndexTest.quickListTest跳过测试========
]]></system-out>
  </testcase>
  <testcase name="tlAdvListTest" classname="com.sh.stt.testcase.index.GDIndexTest" time="0">
    <skipped/>
    <system-out><![CDATA[2020-07-07 15:31:59.267 [main-68] INFO  com.sh.stt.listener.LogListener.onTestSkipped - ========com.sh.stt.testcase.index.GDIndexTest.tlAdvListTest跳过测试========
]]></system-out>
  </testcase>
  <testcase name="familyShareListTest" classname="com.sh.stt.testcase.index.GDIndexTest" time="0">
    <skipped/>
    <system-out><![CDATA[2020-07-07 15:31:59.275 [main-68] INFO  com.sh.stt.listener.LogListener.onTestSkipped - ========com.sh.stt.testcase.index.GDIndexTest.familyShareListTest跳过测试========
]]></system-out>
  </testcase>
  <testcase name="terminalRecomListTest" classname="com.sh.stt.testcase.index.GDIndexTest" time="0">
    <skipped/>
    <system-out><![CDATA[2020-07-07 15:31:59.280 [main-68] INFO  com.sh.stt.listener.LogListener.onTestSkipped - ========com.sh.stt.testcase.index.GDIndexTest.terminalRecomListTest跳过测试========
]]></system-out>
  </testcase>
  <testcase name="serviceRecomListTest" classname="com.sh.stt.testcase.index.GDIndexTest" time="0">
    <skipped/>
    <system-out><![CDATA[2020-07-07 15:31:59.284 [main-68] INFO  com.sh.stt.listener.LogListener.onTestSkipped - ========com.sh.stt.testcase.index.GDIndexTest.serviceRecomListTest跳过测试========
]]></system-out>
  </testcase>
  <testcase name="cardRecomLeftTest" classname="com.sh.stt.testcase.index.GDIndexTest" time="0">
    <skipped/>
    <system-out><![CDATA[2020-07-07 15:31:59.289 [main-68] INFO  com.sh.stt.listener.LogListener.onTestSkipped - ========com.sh.stt.testcase.index.GDIndexTest.cardRecomLeftTest跳过测试========
]]></system-out>
  </testcase>
  <testcase name="cardRecomRightListTest" classname="com.sh.stt.testcase.index.GDIndexTest" time="0">
    <skipped/>
    <system-out><![CDATA[2020-07-07 15:31:59.292 [main-68] INFO  com.sh.stt.listener.LogListener.onTestSkipped - ========com.sh.stt.testcase.index.GDIndexTest.cardRecomRightListTest跳过测试========
]]></system-out>
  </testcase>
  <testcase name="featureListTest" classname="com.sh.stt.testcase.index.GDIndexTest" time="0">
    <skipped/>
    <system-out><![CDATA[2020-07-07 15:31:59.301 [main-68] INFO  com.sh.stt.listener.LogListener.onTestSkipped - ========com.sh.stt.testcase.index.GDIndexTest.featureListTest跳过测试========
]]></system-out>
  </testcase>
  <testcase name="afterClass" classname="com.sh.stt.testcase.index.GDIndexTest" time="5.857">
    <failure type="java.lang.NullPointerException">java.lang.NullPointerException
</failure>
    <system-out><![CDATA[2020-07-07 15:31:59.305 [main-68] INFO  com.sh.stt.listener.LogListener.onTestSkipped - ========com.sh.stt.testcase.index.GDIndexTest.featureListTest跳过测试========
]]></system-out>
  </testcase>
  <testcase name="beforeClass" classname="com.sh.stt.testcase.index.GXIndexTest" time="6.063">
    <failure type="java.lang.NullPointerException">java.lang.NullPointerException
</failure>
    <system-out><![CDATA[2020-07-07 15:31:59.331 [main-133] ERROR com.sh.stt.base.BaseDriver.startBrowser - chrome浏览器启动失败！
]]></system-out>
    <system-err><![CDATA[java.lang.IllegalStateException: The driver executable does not exist: D:\IDEA\wap-selenium\target\test-classes\driver\driver\chromedriver.exe
	at com.google.common.base.Preconditions.checkState(Preconditions.java:585)
	at org.openqa.selenium.remote.service.DriverService.checkExecutable(DriverService.java:146)
	at org.openqa.selenium.remote.service.DriverService.findExecutable(DriverService.java:141)
	at org.openqa.selenium.chrome.ChromeDriverService.access$000(ChromeDriverService.java:35)
	at org.openqa.selenium.chrome.ChromeDriverService$Builder.findDefaultExecutable(ChromeDriverService.java:159)
	at org.openqa.selenium.remote.service.DriverService$Builder.build(DriverService.java:355)
	at org.openqa.selenium.chrome.ChromeDriverService.createDefaultService(ChromeDriverService.java:94)
	at org.openqa.selenium.chrome.ChromeDriver.<init>(ChromeDriver.java:157)
	at com.sh.stt.base.BaseDriver.startBrowser(BaseDriver.java:130)
	at com.sh.stt.base.BaseTest.beforeClass(BaseTest.java:60)
	at sun.reflect.NativeMethodAccessorImpl.invoke0(Native Method)
	at sun.reflect.NativeMethodAccessorImpl.invoke(NativeMethodAccessorImpl.java:62)
	at sun.reflect.DelegatingMethodAccessorImpl.invoke(DelegatingMethodAccessorImpl.java:43)
	at java.lang.reflect.Method.invoke(Method.java:498)
	at org.testng.internal.MethodInvocationHelper.invokeMethod(MethodInvocationHelper.java:124)
	at org.testng.internal.MethodInvocationHelper.invokeMethodConsideringTimeout(MethodInvocationHelper.java:59)
	at org.testng.internal.Invoker.invokeConfigurationMethod(Invoker.java:458)
	at org.testng.internal.Invoker.invokeConfigurations(Invoker.java:222)
	at org.testng.internal.Invoker.invokeConfigurations(Invoker.java:142)
	at org.testng.internal.TestMethodWorker.invokeBeforeClassMethods(TestMethodWorker.java:168)
	at org.testng.internal.TestMethodWorker.run(TestMethodWorker.java:105)
	at org.testng.TestRunner.privateRun(TestRunner.java:648)
	at org.testng.TestRunner.run(TestRunner.java:505)
	at org.testng.SuiteRunner.runTest(SuiteRunner.java:455)
	at org.testng.SuiteRunner.runSequentially(SuiteRunner.java:450)
	at org.testng.SuiteRunner.privateRun(SuiteRunner.java:415)
	at org.testng.SuiteRunner.run(SuiteRunner.java:364)
	at org.testng.SuiteRunnerWorker.runSuite(SuiteRunnerWorker.java:52)
	at org.testng.SuiteRunnerWorker.run(SuiteRunnerWorker.java:84)
	at org.testng.TestNG.runSuitesSequentially(TestNG.java:1208)
	at org.testng.TestNG.runSuitesSequentially(TestNG.java:1204)
	at org.testng.TestNG.runSuitesLocally(TestNG.java:1137)
	at org.testng.TestNG.runSuites(TestNG.java:1049)
	at org.testng.TestNG.run(TestNG.java:1017)
	at org.apache.maven.surefire.testng.TestNGExecutor.run(TestNGExecutor.java:283)
	at org.apache.maven.surefire.testng.TestNGXmlTestSuite.execute(TestNGXmlTestSuite.java:75)
	at org.apache.maven.surefire.testng.TestNGProvider.invoke(TestNGProvider.java:120)
	at org.apache.maven.surefire.booter.ForkedBooter.invokeProviderInSameClassLoader(ForkedBooter.java:384)
	at org.apache.maven.surefire.booter.ForkedBooter.runSuitesInProcess(ForkedBooter.java:345)
	at org.apache.maven.surefire.booter.ForkedBooter.execute(ForkedBooter.java:126)
	at org.apache.maven.surefire.booter.ForkedBooter.main(ForkedBooter.java:418)
]]></system-err>
  </testcase>
  <testcase name="beforeMethod" classname="com.sh.stt.testcase.index.GXIndexTest" time="0">
    <skipped/>
  </testcase>
  <testcase name="beforeMethod" classname="com.sh.stt.testcase.index.GXIndexTest" time="0">
    <skipped/>
    <system-out><![CDATA[2020-07-07 15:31:59.340 [main-68] INFO  com.sh.stt.listener.LogListener.onTestSkipped - ========com.sh.stt.testcase.index.GXIndexTest.advBannerListTest跳过测试========
]]></system-out>
  </testcase>
  <testcase name="beforeMethod" classname="com.sh.stt.testcase.index.GXIndexTest" time="0">
    <skipped/>
    <system-out><![CDATA[2020-07-07 15:31:59.348 [main-68] INFO  com.sh.stt.listener.LogListener.onTestSkipped - ========com.sh.stt.testcase.index.GXIndexTest.quickListTest跳过测试========
]]></system-out>
  </testcase>
  <testcase name="beforeMethod" classname="com.sh.stt.testcase.index.GXIndexTest" time="0">
    <skipped/>
    <system-out><![CDATA[2020-07-07 15:31:59.355 [main-68] INFO  com.sh.stt.listener.LogListener.onTestSkipped - ========com.sh.stt.testcase.index.GXIndexTest.tlAdvListTest跳过测试========
]]></system-out>
  </testcase>
  <testcase name="beforeMethod" classname="com.sh.stt.testcase.index.GXIndexTest" time="0">
    <skipped/>
    <system-out><![CDATA[2020-07-07 15:31:59.362 [main-68] INFO  com.sh.stt.listener.LogListener.onTestSkipped - ========com.sh.stt.testcase.index.GXIndexTest.familyShareListTest跳过测试========
]]></system-out>
  </testcase>
  <testcase name="beforeMethod" classname="com.sh.stt.testcase.index.GXIndexTest" time="0">
    <skipped/>
    <system-out><![CDATA[2020-07-07 15:31:59.367 [main-68] INFO  com.sh.stt.listener.LogListener.onTestSkipped - ========com.sh.stt.testcase.index.GXIndexTest.terminalRecomListTest跳过测试========
]]></system-out>
  </testcase>
  <testcase name="beforeMethod" classname="com.sh.stt.testcase.index.GXIndexTest" time="0">
    <skipped/>
    <system-out><![CDATA[2020-07-07 15:31:59.373 [main-68] INFO  com.sh.stt.listener.LogListener.onTestSkipped - ========com.sh.stt.testcase.index.GXIndexTest.serviceRecomListTest跳过测试========
]]></system-out>
  </testcase>
  <testcase name="beforeMethod" classname="com.sh.stt.testcase.index.GXIndexTest" time="0">
    <skipped/>
    <system-out><![CDATA[2020-07-07 15:31:59.378 [main-68] INFO  com.sh.stt.listener.LogListener.onTestSkipped - ========com.sh.stt.testcase.index.GXIndexTest.cardRecomLeftTest跳过测试========
]]></system-out>
  </testcase>
  <testcase name="beforeMethod" classname="com.sh.stt.testcase.index.GXIndexTest" time="0">
    <skipped/>
    <system-out><![CDATA[2020-07-07 15:31:59.390 [main-68] INFO  com.sh.stt.listener.LogListener.onTestSkipped - ========com.sh.stt.testcase.index.GXIndexTest.cardRecomRightListTest跳过测试========
]]></system-out>
  </testcase>
  <testcase name="advBannerListTest" classname="com.sh.stt.testcase.index.GXIndexTest" time="0">
    <skipped/>
    <system-out><![CDATA[2020-07-07 15:31:59.335 [main-68] INFO  com.sh.stt.listener.LogListener.onTestSkipped - ========com.sh.stt.testcase.index.GXIndexTest.advBannerListTest跳过测试========
]]></system-out>
  </testcase>
  <testcase name="quickListTest" classname="com.sh.stt.testcase.index.GXIndexTest" time="0">
    <skipped/>
    <system-out><![CDATA[2020-07-07 15:31:59.341 [main-68] INFO  com.sh.stt.listener.LogListener.onTestSkipped - ========com.sh.stt.testcase.index.GXIndexTest.quickListTest跳过测试========
]]></system-out>
  </testcase>
  <testcase name="tlAdvListTest" classname="com.sh.stt.testcase.index.GXIndexTest" time="0">
    <skipped/>
    <system-out><![CDATA[2020-07-07 15:31:59.351 [main-68] INFO  com.sh.stt.listener.LogListener.onTestSkipped - ========com.sh.stt.testcase.index.GXIndexTest.tlAdvListTest跳过测试========
]]></system-out>
  </testcase>
  <testcase name="familyShareListTest" classname="com.sh.stt.testcase.index.GXIndexTest" time="0">
    <skipped/>
    <system-out><![CDATA[2020-07-07 15:31:59.356 [main-68] INFO  com.sh.stt.listener.LogListener.onTestSkipped - ========com.sh.stt.testcase.index.GXIndexTest.familyShareListTest跳过测试========
]]></system-out>
  </testcase>
  <testcase name="terminalRecomListTest" classname="com.sh.stt.testcase.index.GXIndexTest" time="0">
    <skipped/>
    <system-out><![CDATA[2020-07-07 15:31:59.363 [main-68] INFO  com.sh.stt.listener.LogListener.onTestSkipped - ========com.sh.stt.testcase.index.GXIndexTest.terminalRecomListTest跳过测试========
]]></system-out>
  </testcase>
  <testcase name="serviceRecomListTest" classname="com.sh.stt.testcase.index.GXIndexTest" time="0">
    <skipped/>
    <system-out><![CDATA[2020-07-07 15:31:59.368 [main-68] INFO  com.sh.stt.listener.LogListener.onTestSkipped - ========com.sh.stt.testcase.index.GXIndexTest.serviceRecomListTest跳过测试========
]]></system-out>
  </testcase>
  <testcase name="cardRecomLeftTest" classname="com.sh.stt.testcase.index.GXIndexTest" time="0">
    <skipped/>
    <system-out><![CDATA[2020-07-07 15:31:59.374 [main-68] INFO  com.sh.stt.listener.LogListener.onTestSkipped - ========com.sh.stt.testcase.index.GXIndexTest.cardRecomLeftTest跳过测试========
]]></system-out>
  </testcase>
  <testcase name="cardRecomRightListTest" classname="com.sh.stt.testcase.index.GXIndexTest" time="0">
    <skipped/>
    <system-out><![CDATA[2020-07-07 15:31:59.380 [main-68] INFO  com.sh.stt.listener.LogListener.onTestSkipped - ========com.sh.stt.testcase.index.GXIndexTest.cardRecomRightListTest跳过测试========
]]></system-out>
  </testcase>
  <testcase name="featureListTest" classname="com.sh.stt.testcase.index.GXIndexTest" time="0">
    <skipped/>
    <system-out><![CDATA[2020-07-07 15:31:59.390 [main-68] INFO  com.sh.stt.listener.LogListener.onTestSkipped - ========com.sh.stt.testcase.index.GXIndexTest.featureListTest跳过测试========
]]></system-out>
  </testcase>
  <testcase name="afterClass" classname="com.sh.stt.testcase.index.GXIndexTest" time="6.253">
    <failure type="java.lang.NullPointerException">java.lang.NullPointerException
</failure>
    <system-out><![CDATA[2020-07-07 15:31:59.394 [main-68] INFO  com.sh.stt.listener.LogListener.onTestSkipped - ========com.sh.stt.testcase.index.GXIndexTest.featureListTest跳过测试========
]]></system-out>
  </testcase>
  <testcase name="beforeClass" classname="com.sh.stt.testcase.index.GSIndexTest" time="6.513">
    <failure type="java.lang.NullPointerException">java.lang.NullPointerException
</failure>
    <system-out><![CDATA[2020-07-07 15:31:59.425 [main-133] ERROR com.sh.stt.base.BaseDriver.startBrowser - chrome浏览器启动失败！
]]></system-out>
    <system-err><![CDATA[java.lang.IllegalStateException: The driver executable does not exist: D:\IDEA\wap-selenium\target\test-classes\driver\driver\chromedriver.exe
	at com.google.common.base.Preconditions.checkState(Preconditions.java:585)
	at org.openqa.selenium.remote.service.DriverService.checkExecutable(DriverService.java:146)
	at org.openqa.selenium.remote.service.DriverService.findExecutable(DriverService.java:141)
	at org.openqa.selenium.chrome.ChromeDriverService.access$000(ChromeDriverService.java:35)
	at org.openqa.selenium.chrome.ChromeDriverService$Builder.findDefaultExecutable(ChromeDriverService.java:159)
	at org.openqa.selenium.remote.service.DriverService$Builder.build(DriverService.java:355)
	at org.openqa.selenium.chrome.ChromeDriverService.createDefaultService(ChromeDriverService.java:94)
	at org.openqa.selenium.chrome.ChromeDriver.<init>(ChromeDriver.java:157)
	at com.sh.stt.base.BaseDriver.startBrowser(BaseDriver.java:130)
	at com.sh.stt.base.BaseTest.beforeClass(BaseTest.java:60)
	at sun.reflect.NativeMethodAccessorImpl.invoke0(Native Method)
	at sun.reflect.NativeMethodAccessorImpl.invoke(NativeMethodAccessorImpl.java:62)
	at sun.reflect.DelegatingMethodAccessorImpl.invoke(DelegatingMethodAccessorImpl.java:43)
	at java.lang.reflect.Method.invoke(Method.java:498)
	at org.testng.internal.MethodInvocationHelper.invokeMethod(MethodInvocationHelper.java:124)
	at org.testng.internal.MethodInvocationHelper.invokeMethodConsideringTimeout(MethodInvocationHelper.java:59)
	at org.testng.internal.Invoker.invokeConfigurationMethod(Invoker.java:458)
	at org.testng.internal.Invoker.invokeConfigurations(Invoker.java:222)
	at org.testng.internal.Invoker.invokeConfigurations(Invoker.java:142)
	at org.testng.internal.TestMethodWorker.invokeBeforeClassMethods(TestMethodWorker.java:168)
	at org.testng.internal.TestMethodWorker.run(TestMethodWorker.java:105)
	at org.testng.TestRunner.privateRun(TestRunner.java:648)
	at org.testng.TestRunner.run(TestRunner.java:505)
	at org.testng.SuiteRunner.runTest(SuiteRunner.java:455)
	at org.testng.SuiteRunner.runSequentially(SuiteRunner.java:450)
	at org.testng.SuiteRunner.privateRun(SuiteRunner.java:415)
	at org.testng.SuiteRunner.run(SuiteRunner.java:364)
	at org.testng.SuiteRunnerWorker.runSuite(SuiteRunnerWorker.java:52)
	at org.testng.SuiteRunnerWorker.run(SuiteRunnerWorker.java:84)
	at org.testng.TestNG.runSuitesSequentially(TestNG.java:1208)
	at org.testng.TestNG.runSuitesSequentially(TestNG.java:1204)
	at org.testng.TestNG.runSuitesLocally(TestNG.java:1137)
	at org.testng.TestNG.runSuites(TestNG.java:1049)
	at org.testng.TestNG.run(TestNG.java:1017)
	at org.apache.maven.surefire.testng.TestNGExecutor.run(TestNGExecutor.java:283)
	at org.apache.maven.surefire.testng.TestNGXmlTestSuite.execute(TestNGXmlTestSuite.java:75)
	at org.apache.maven.surefire.testng.TestNGProvider.invoke(TestNGProvider.java:120)
	at org.apache.maven.surefire.booter.ForkedBooter.invokeProviderInSameClassLoader(ForkedBooter.java:384)
	at org.apache.maven.surefire.booter.ForkedBooter.runSuitesInProcess(ForkedBooter.java:345)
	at org.apache.maven.surefire.booter.ForkedBooter.execute(ForkedBooter.java:126)
	at org.apache.maven.surefire.booter.ForkedBooter.main(ForkedBooter.java:418)
]]></system-err>
  </testcase>
  <testcase name="beforeMethod" classname="com.sh.stt.testcase.index.GSIndexTest" time="0">
    <skipped/>
  </testcase>
  <testcase name="beforeMethod" classname="com.sh.stt.testcase.index.GSIndexTest" time="0">
    <skipped/>
    <system-out><![CDATA[2020-07-07 15:31:59.434 [main-68] INFO  com.sh.stt.listener.LogListener.onTestSkipped - ========com.sh.stt.testcase.index.GSIndexTest.advBannerListTest跳过测试========
]]></system-out>
  </testcase>
  <testcase name="beforeMethod" classname="com.sh.stt.testcase.index.GSIndexTest" time="0">
    <skipped/>
    <system-out><![CDATA[2020-07-07 15:31:59.438 [main-68] INFO  com.sh.stt.listener.LogListener.onTestSkipped - ========com.sh.stt.testcase.index.GSIndexTest.quickListTest跳过测试========
]]></system-out>
  </testcase>
  <testcase name="beforeMethod" classname="com.sh.stt.testcase.index.GSIndexTest" time="0">
    <skipped/>
    <system-out><![CDATA[2020-07-07 15:31:59.443 [main-68] INFO  com.sh.stt.listener.LogListener.onTestSkipped - ========com.sh.stt.testcase.index.GSIndexTest.tlAdvListTest跳过测试========
]]></system-out>
  </testcase>
  <testcase name="beforeMethod" classname="com.sh.stt.testcase.index.GSIndexTest" time="0">
    <skipped/>
    <system-out><![CDATA[2020-07-07 15:31:59.447 [main-68] INFO  com.sh.stt.listener.LogListener.onTestSkipped - ========com.sh.stt.testcase.index.GSIndexTest.familyShareListTest跳过测试========
]]></system-out>
  </testcase>
  <testcase name="beforeMethod" classname="com.sh.stt.testcase.index.GSIndexTest" time="0">
    <skipped/>
    <system-out><![CDATA[2020-07-07 15:31:59.450 [main-68] INFO  com.sh.stt.listener.LogListener.onTestSkipped - ========com.sh.stt.testcase.index.GSIndexTest.terminalRecomListTest跳过测试========
]]></system-out>
  </testcase>
  <testcase name="beforeMethod" classname="com.sh.stt.testcase.index.GSIndexTest" time="0">
    <skipped/>
    <system-out><![CDATA[2020-07-07 15:31:59.455 [main-68] INFO  com.sh.stt.listener.LogListener.onTestSkipped - ========com.sh.stt.testcase.index.GSIndexTest.serviceRecomListTest跳过测试========
]]></system-out>
  </testcase>
  <testcase name="beforeMethod" classname="com.sh.stt.testcase.index.GSIndexTest" time="0">
    <skipped/>
    <system-out><![CDATA[2020-07-07 15:31:59.459 [main-68] INFO  com.sh.stt.listener.LogListener.onTestSkipped - ========com.sh.stt.testcase.index.GSIndexTest.cardRecomLeftTest跳过测试========
]]></system-out>
  </testcase>
  <testcase name="beforeMethod" classname="com.sh.stt.testcase.index.GSIndexTest" time="0">
    <skipped/>
    <system-out><![CDATA[2020-07-07 15:31:59.464 [main-68] INFO  com.sh.stt.listener.LogListener.onTestSkipped - ========com.sh.stt.testcase.index.GSIndexTest.cardRecomRightListTest跳过测试========
]]></system-out>
  </testcase>
  <testcase name="advBannerListTest" classname="com.sh.stt.testcase.index.GSIndexTest" time="0">
    <skipped/>
    <system-out><![CDATA[2020-07-07 15:31:59.431 [main-68] INFO  com.sh.stt.listener.LogListener.onTestSkipped - ========com.sh.stt.testcase.index.GSIndexTest.advBannerListTest跳过测试========
]]></system-out>
  </testcase>
  <testcase name="quickListTest" classname="com.sh.stt.testcase.index.GSIndexTest" time="0">
    <skipped/>
    <system-out><![CDATA[2020-07-07 15:31:59.435 [main-68] INFO  com.sh.stt.listener.LogListener.onTestSkipped - ========com.sh.stt.testcase.index.GSIndexTest.quickListTest跳过测试========
]]></system-out>
  </testcase>
  <testcase name="tlAdvListTest" classname="com.sh.stt.testcase.index.GSIndexTest" time="0">
    <skipped/>
    <system-out><![CDATA[2020-07-07 15:31:59.439 [main-68] INFO  com.sh.stt.listener.LogListener.onTestSkipped - ========com.sh.stt.testcase.index.GSIndexTest.tlAdvListTest跳过测试========
]]></system-out>
  </testcase>
  <testcase name="familyShareListTest" classname="com.sh.stt.testcase.index.GSIndexTest" time="0">
    <skipped/>
    <system-out><![CDATA[2020-07-07 15:31:59.443 [main-68] INFO  com.sh.stt.listener.LogListener.onTestSkipped - ========com.sh.stt.testcase.index.GSIndexTest.familyShareListTest跳过测试========
]]></system-out>
  </testcase>
  <testcase name="terminalRecomListTest" classname="com.sh.stt.testcase.index.GSIndexTest" time="0">
    <skipped/>
    <system-out><![CDATA[2020-07-07 15:31:59.447 [main-68] INFO  com.sh.stt.listener.LogListener.onTestSkipped - ========com.sh.stt.testcase.index.GSIndexTest.terminalRecomListTest跳过测试========
]]></system-out>
  </testcase>
  <testcase name="serviceRecomListTest" classname="com.sh.stt.testcase.index.GSIndexTest" time="0">
    <skipped/>
    <system-out><![CDATA[2020-07-07 15:31:59.451 [main-68] INFO  com.sh.stt.listener.LogListener.onTestSkipped - ========com.sh.stt.testcase.index.GSIndexTest.serviceRecomListTest跳过测试========
]]></system-out>
  </testcase>
  <testcase name="cardRecomLeftTest" classname="com.sh.stt.testcase.index.GSIndexTest" time="0">
    <skipped/>
    <system-out><![CDATA[2020-07-07 15:31:59.456 [main-68] INFO  com.sh.stt.listener.LogListener.onTestSkipped - ========com.sh.stt.testcase.index.GSIndexTest.cardRecomLeftTest跳过测试========
]]></system-out>
  </testcase>
  <testcase name="cardRecomRightListTest" classname="com.sh.stt.testcase.index.GSIndexTest" time="0">
    <skipped/>
    <system-out><![CDATA[2020-07-07 15:31:59.460 [main-68] INFO  com.sh.stt.listener.LogListener.onTestSkipped - ========com.sh.stt.testcase.index.GSIndexTest.cardRecomRightListTest跳过测试========
]]></system-out>
  </testcase>
  <testcase name="featureListTest" classname="com.sh.stt.testcase.index.GSIndexTest" time="0">
    <skipped/>
    <system-out><![CDATA[2020-07-07 15:31:59.465 [main-68] INFO  com.sh.stt.listener.LogListener.onTestSkipped - ========com.sh.stt.testcase.index.GSIndexTest.featureListTest跳过测试========
]]></system-out>
  </testcase>
  <testcase name="afterClass" classname="com.sh.stt.testcase.index.GSIndexTest" time="6.68">
    <failure type="java.lang.NullPointerException">java.lang.NullPointerException
</failure>
    <system-out><![CDATA[2020-07-07 15:31:59.468 [main-68] INFO  com.sh.stt.listener.LogListener.onTestSkipped - ========com.sh.stt.testcase.index.GSIndexTest.featureListTest跳过测试========
]]></system-out>
  </testcase>
  <testcase name="beforeClass" classname="com.sh.stt.testcase.index.GZIndexTest" time="6.9">
    <failure type="java.lang.NullPointerException">java.lang.NullPointerException
</failure>
    <system-out><![CDATA[2020-07-07 15:31:59.490 [main-133] ERROR com.sh.stt.base.BaseDriver.startBrowser - chrome浏览器启动失败！
]]></system-out>
    <system-err><![CDATA[java.lang.IllegalStateException: The driver executable does not exist: D:\IDEA\wap-selenium\target\test-classes\driver\driver\chromedriver.exe
	at com.google.common.base.Preconditions.checkState(Preconditions.java:585)
	at org.openqa.selenium.remote.service.DriverService.checkExecutable(DriverService.java:146)
	at org.openqa.selenium.remote.service.DriverService.findExecutable(DriverService.java:141)
	at org.openqa.selenium.chrome.ChromeDriverService.access$000(ChromeDriverService.java:35)
	at org.openqa.selenium.chrome.ChromeDriverService$Builder.findDefaultExecutable(ChromeDriverService.java:159)
	at org.openqa.selenium.remote.service.DriverService$Builder.build(DriverService.java:355)
	at org.openqa.selenium.chrome.ChromeDriverService.createDefaultService(ChromeDriverService.java:94)
	at org.openqa.selenium.chrome.ChromeDriver.<init>(ChromeDriver.java:157)
	at com.sh.stt.base.BaseDriver.startBrowser(BaseDriver.java:130)
	at com.sh.stt.base.BaseTest.beforeClass(BaseTest.java:60)
	at sun.reflect.NativeMethodAccessorImpl.invoke0(Native Method)
	at sun.reflect.NativeMethodAccessorImpl.invoke(NativeMethodAccessorImpl.java:62)
	at sun.reflect.DelegatingMethodAccessorImpl.invoke(DelegatingMethodAccessorImpl.java:43)
	at java.lang.reflect.Method.invoke(Method.java:498)
	at org.testng.internal.MethodInvocationHelper.invokeMethod(MethodInvocationHelper.java:124)
	at org.testng.internal.MethodInvocationHelper.invokeMethodConsideringTimeout(MethodInvocationHelper.java:59)
	at org.testng.internal.Invoker.invokeConfigurationMethod(Invoker.java:458)
	at org.testng.internal.Invoker.invokeConfigurations(Invoker.java:222)
	at org.testng.internal.Invoker.invokeConfigurations(Invoker.java:142)
	at org.testng.internal.TestMethodWorker.invokeBeforeClassMethods(TestMethodWorker.java:168)
	at org.testng.internal.TestMethodWorker.run(TestMethodWorker.java:105)
	at org.testng.TestRunner.privateRun(TestRunner.java:648)
	at org.testng.TestRunner.run(TestRunner.java:505)
	at org.testng.SuiteRunner.runTest(SuiteRunner.java:455)
	at org.testng.SuiteRunner.runSequentially(SuiteRunner.java:450)
	at org.testng.SuiteRunner.privateRun(SuiteRunner.java:415)
	at org.testng.SuiteRunner.run(SuiteRunner.java:364)
	at org.testng.SuiteRunnerWorker.runSuite(SuiteRunnerWorker.java:52)
	at org.testng.SuiteRunnerWorker.run(SuiteRunnerWorker.java:84)
	at org.testng.TestNG.runSuitesSequentially(TestNG.java:1208)
	at org.testng.TestNG.runSuitesSequentially(TestNG.java:1204)
	at org.testng.TestNG.runSuitesLocally(TestNG.java:1137)
	at org.testng.TestNG.runSuites(TestNG.java:1049)
	at org.testng.TestNG.run(TestNG.java:1017)
	at org.apache.maven.surefire.testng.TestNGExecutor.run(TestNGExecutor.java:283)
	at org.apache.maven.surefire.testng.TestNGXmlTestSuite.execute(TestNGXmlTestSuite.java:75)
	at org.apache.maven.surefire.testng.TestNGProvider.invoke(TestNGProvider.java:120)
	at org.apache.maven.surefire.booter.ForkedBooter.invokeProviderInSameClassLoader(ForkedBooter.java:384)
	at org.apache.maven.surefire.booter.ForkedBooter.runSuitesInProcess(ForkedBooter.java:345)
	at org.apache.maven.surefire.booter.ForkedBooter.execute(ForkedBooter.java:126)
	at org.apache.maven.surefire.booter.ForkedBooter.main(ForkedBooter.java:418)
]]></system-err>
  </testcase>
  <testcase name="beforeMethod" classname="com.sh.stt.testcase.index.GZIndexTest" time="0">
    <skipped/>
  </testcase>
  <testcase name="beforeMethod" classname="com.sh.stt.testcase.index.GZIndexTest" time="0">
    <skipped/>
    <system-out><![CDATA[2020-07-07 15:31:59.499 [main-68] INFO  com.sh.stt.listener.LogListener.onTestSkipped - ========com.sh.stt.testcase.index.GZIndexTest.advBannerListTest跳过测试========
]]></system-out>
  </testcase>
  <testcase name="beforeMethod" classname="com.sh.stt.testcase.index.GZIndexTest" time="0">
    <skipped/>
    <system-out><![CDATA[2020-07-07 15:31:59.502 [main-68] INFO  com.sh.stt.listener.LogListener.onTestSkipped - ========com.sh.stt.testcase.index.GZIndexTest.quickListTest跳过测试========
]]></system-out>
  </testcase>
  <testcase name="beforeMethod" classname="com.sh.stt.testcase.index.GZIndexTest" time="0">
    <skipped/>
    <system-out><![CDATA[2020-07-07 15:31:59.506 [main-68] INFO  com.sh.stt.listener.LogListener.onTestSkipped - ========com.sh.stt.testcase.index.GZIndexTest.tlAdvListTest跳过测试========
]]></system-out>
  </testcase>
  <testcase name="beforeMethod" classname="com.sh.stt.testcase.index.GZIndexTest" time="0">
    <skipped/>
    <system-out><![CDATA[2020-07-07 15:31:59.510 [main-68] INFO  com.sh.stt.listener.LogListener.onTestSkipped - ========com.sh.stt.testcase.index.GZIndexTest.familyShareListTest跳过测试========
]]></system-out>
  </testcase>
  <testcase name="beforeMethod" classname="com.sh.stt.testcase.index.GZIndexTest" time="0">
    <skipped/>
    <system-out><![CDATA[2020-07-07 15:31:59.513 [main-68] INFO  com.sh.stt.listener.LogListener.onTestSkipped - ========com.sh.stt.testcase.index.GZIndexTest.terminalRecomListTest跳过测试========
]]></system-out>
  </testcase>
  <testcase name="beforeMethod" classname="com.sh.stt.testcase.index.GZIndexTest" time="0">
    <skipped/>
    <system-out><![CDATA[2020-07-07 15:31:59.519 [main-68] INFO  com.sh.stt.listener.LogListener.onTestSkipped - ========com.sh.stt.testcase.index.GZIndexTest.serviceRecomListTest跳过测试========
]]></system-out>
  </testcase>
  <testcase name="beforeMethod" classname="com.sh.stt.testcase.index.GZIndexTest" time="0">
    <skipped/>
    <system-out><![CDATA[2020-07-07 15:31:59.523 [main-68] INFO  com.sh.stt.listener.LogListener.onTestSkipped - ========com.sh.stt.testcase.index.GZIndexTest.cardRecomLeftTest跳过测试========
]]></system-out>
  </testcase>
  <testcase name="beforeMethod" classname="com.sh.stt.testcase.index.GZIndexTest" time="0">
    <skipped/>
    <system-out><![CDATA[2020-07-07 15:31:59.527 [main-68] INFO  com.sh.stt.listener.LogListener.onTestSkipped - ========com.sh.stt.testcase.index.GZIndexTest.cardRecomRightListTest跳过测试========
]]></system-out>
  </testcase>
  <testcase name="advBannerListTest" classname="com.sh.stt.testcase.index.GZIndexTest" time="0">
    <skipped/>
    <system-out><![CDATA[2020-07-07 15:31:59.494 [main-68] INFO  com.sh.stt.listener.LogListener.onTestSkipped - ========com.sh.stt.testcase.index.GZIndexTest.advBannerListTest跳过测试========
]]></system-out>
  </testcase>
  <testcase name="quickListTest" classname="com.sh.stt.testcase.index.GZIndexTest" time="0">
    <skipped/>
    <system-out><![CDATA[2020-07-07 15:31:59.499 [main-68] INFO  com.sh.stt.listener.LogListener.onTestSkipped - ========com.sh.stt.testcase.index.GZIndexTest.quickListTest跳过测试========
]]></system-out>
  </testcase>
  <testcase name="tlAdvListTest" classname="com.sh.stt.testcase.index.GZIndexTest" time="0">
    <skipped/>
    <system-out><![CDATA[2020-07-07 15:31:59.503 [main-68] INFO  com.sh.stt.listener.LogListener.onTestSkipped - ========com.sh.stt.testcase.index.GZIndexTest.tlAdvListTest跳过测试========
]]></system-out>
  </testcase>
  <testcase name="familyShareListTest" classname="com.sh.stt.testcase.index.GZIndexTest" time="0">
    <skipped/>
    <system-out><![CDATA[2020-07-07 15:31:59.506 [main-68] INFO  com.sh.stt.listener.LogListener.onTestSkipped - ========com.sh.stt.testcase.index.GZIndexTest.familyShareListTest跳过测试========
]]></system-out>
  </testcase>
  <testcase name="terminalRecomListTest" classname="com.sh.stt.testcase.index.GZIndexTest" time="0">
    <skipped/>
    <system-out><![CDATA[2020-07-07 15:31:59.510 [main-68] INFO  com.sh.stt.listener.LogListener.onTestSkipped - ========com.sh.stt.testcase.index.GZIndexTest.terminalRecomListTest跳过测试========
]]></system-out>
  </testcase>
  <testcase name="serviceRecomListTest" classname="com.sh.stt.testcase.index.GZIndexTest" time="0">
    <skipped/>
    <system-out><![CDATA[2020-07-07 15:31:59.515 [main-68] INFO  com.sh.stt.listener.LogListener.onTestSkipped - ========com.sh.stt.testcase.index.GZIndexTest.serviceRecomListTest跳过测试========
]]></system-out>
  </testcase>
  <testcase name="cardRecomLeftTest" classname="com.sh.stt.testcase.index.GZIndexTest" time="0">
    <skipped/>
    <system-out><![CDATA[2020-07-07 15:31:59.519 [main-68] INFO  com.sh.stt.listener.LogListener.onTestSkipped - ========com.sh.stt.testcase.index.GZIndexTest.cardRecomLeftTest跳过测试========
]]></system-out>
  </testcase>
  <testcase name="cardRecomRightListTest" classname="com.sh.stt.testcase.index.GZIndexTest" time="0">
    <skipped/>
    <system-out><![CDATA[2020-07-07 15:31:59.523 [main-68] INFO  com.sh.stt.listener.LogListener.onTestSkipped - ========com.sh.stt.testcase.index.GZIndexTest.cardRecomRightListTest跳过测试========
]]></system-out>
  </testcase>
  <testcase name="featureListTest" classname="com.sh.stt.testcase.index.GZIndexTest" time="0">
    <skipped/>
    <system-out><![CDATA[2020-07-07 15:31:59.527 [main-68] INFO  com.sh.stt.listener.LogListener.onTestSkipped - ========com.sh.stt.testcase.index.GZIndexTest.featureListTest跳过测试========
]]></system-out>
  </testcase>
  <testcase name="afterClass" classname="com.sh.stt.testcase.index.GZIndexTest" time="7.125">
    <failure type="java.lang.NullPointerException">java.lang.NullPointerException
</failure>
    <system-out><![CDATA[2020-07-07 15:31:59.531 [main-68] INFO  com.sh.stt.listener.LogListener.onTestSkipped - ========com.sh.stt.testcase.index.GZIndexTest.featureListTest跳过测试========
]]></system-out>
  </testcase>
  <testcase name="beforeClass" classname="com.sh.stt.testcase.index.HEIndexTest" time="7.364">
    <failure type="java.lang.NullPointerException">java.lang.NullPointerException
</failure>
    <system-out><![CDATA[2020-07-07 15:31:59.551 [main-133] ERROR com.sh.stt.base.BaseDriver.startBrowser - chrome浏览器启动失败！
]]></system-out>
    <system-err><![CDATA[java.lang.IllegalStateException: The driver executable does not exist: D:\IDEA\wap-selenium\target\test-classes\driver\driver\chromedriver.exe
	at com.google.common.base.Preconditions.checkState(Preconditions.java:585)
	at org.openqa.selenium.remote.service.DriverService.checkExecutable(DriverService.java:146)
	at org.openqa.selenium.remote.service.DriverService.findExecutable(DriverService.java:141)
	at org.openqa.selenium.chrome.ChromeDriverService.access$000(ChromeDriverService.java:35)
	at org.openqa.selenium.chrome.ChromeDriverService$Builder.findDefaultExecutable(ChromeDriverService.java:159)
[...]
	at org.testng.internal.Invoker.invokeConfigurations(Invoker.java:142)
	at org.testng.internal.TestMethodWorker.invokeBeforeClassMethods(TestMethodWorker.java:168)
	at org.testng.internal.TestMethodWorker.run(TestMethodWorker.java:105)
	at org.testng.TestRunner.privateRun(TestRunner.java:648)
	at org.testng.TestRunner.run(TestRunner.java:505)
	at org.testng.SuiteRunner.runTest(SuiteRunner.java:455)
	at org.testng.SuiteRunner.runSequentially(SuiteRunner.java:450)
	at org.testng.SuiteRunner.privateRun(SuiteRunner.java:415)
	at org.testng.SuiteRunner.run(SuiteRunner.java:364)
	at org.testng.SuiteRunnerWorker.runSuite(SuiteRunnerWorker.java:52)
	at org.testng.SuiteRunnerWorker.run(SuiteRunnerWorker.java:84)
	at org.testng.TestNG.runSuitesSequentially(TestNG.java:1208)
	at org.testng.TestNG.runSuitesSequentially(TestNG.java:1204)
	at org.testng.TestNG.runSuitesLocally(TestNG.java:1137)
	at org.testng.TestNG.runSuites(TestNG.java:1049)
	at org.testng.TestNG.run(TestNG.java:1017)
	at org.apache.maven.surefire.testng.TestNGExecutor.run(TestNGExecutor.java:283)
	at org.apache.maven.surefire.testng.TestNGXmlTestSuite.execute(TestNGXmlTestSuite.java:75)
	at org.apache.maven.surefire.testng.TestNGProvider.invoke(TestNGProvider.java:120)
	at org.apache.maven.surefire.booter.ForkedBooter.invokeProviderInSameClassLoader(ForkedBooter.java:384)
	at org.apache.maven.surefire.booter.ForkedBooter.runSuitesInProcess(ForkedBooter.java:345)
	at org.apache.maven.surefire.booter.ForkedBooter.execute(ForkedBooter.java:126)
	at org.apache.maven.surefire.booter.ForkedBooter.main(ForkedBooter.java:418)
]]></system-err>
  </testcase>
  <testcase name="beforeMethod" classname="com.sh.stt.testcase.yh.TJYHTest" time="0">
    <skipped/>
  </testcase>
  <testcase name="yhContentListTest" classname="com.sh.stt.testcase.yh.TJYHTest" time="0">
    <skipped/>
    <system-out><![CDATA[2020-07-07 15:32:02.631 [main-68] INFO  com.sh.stt.listener.LogListener.onTestSkipped - ========com.sh.stt.testcase.yh.TJYHTest.yhContentListTest跳过测试========
]]></system-out>
  </testcase>
  <testcase name="afterClass" classname="com.sh.stt.testcase.yh.TJYHTest" time="28.059">
    <failure type="java.lang.NullPointerException">java.lang.NullPointerException
</failure>
    <system-out><![CDATA[2020-07-07 15:32:02.635 [main-68] INFO  com.sh.stt.listener.LogListener.onTestSkipped - ========com.sh.stt.testcase.yh.TJYHTest.yhContentListTest跳过测试========
]]></system-out>
  </testcase>
  <testcase name="beforeClass" classname="com.sh.stt.testcase.yh.XJYHTest" time="28.213">
    <failure type="java.lang.NullPointerException">java.lang.NullPointerException
</failure>
    <system-out><![CDATA[2020-07-07 15:32:02.654 [main-133] ERROR com.sh.stt.base.BaseDriver.startBrowser - chrome浏览器启动失败！
]]></system-out>
    <system-err><![CDATA[java.lang.IllegalStateException: The driver executable does not exist: D:\IDEA\wap-selenium\target\test-classes\driver\driver\chromedriver.exe
	at com.google.common.base.Preconditions.checkState(Preconditions.java:585)
	at org.openqa.selenium.remote.service.DriverService.checkExecutable(DriverService.java:146)
	at org.openqa.selenium.remote.service.DriverService.findExecutable(DriverService.java:141)
	at org.openqa.selenium.chrome.ChromeDriverService.access$000(ChromeDriverService.java:35)
	at org.openqa.selenium.chrome.ChromeDriverService$Builder.findDefaultExecutable(ChromeDriverService.java:159)
	at org.openqa.selenium.remote.service.DriverService$Builder.build(DriverService.java:355)
	at org.openqa.selenium.chrome.ChromeDriverService.createDefaultService(ChromeDriverService.java:94)
	at org.openqa.selenium.chrome.ChromeDriver.<init>(ChromeDriver.java:157)
	at com.sh.stt.base.BaseDriver.startBrowser(BaseDriver.java:130)
	at com.sh.stt.base.BaseTest.beforeClass(BaseTest.java:60)
	at sun.reflect.GeneratedMethodAccessor33.invoke(Unknown Source)
	at sun.reflect.DelegatingMethodAccessorImpl.invoke(DelegatingMethodAccessorImpl.java:43)
	at java.lang.reflect.Method.invoke(Method.java:498)
	at org.testng.internal.MethodInvocationHelper.invokeMethod(MethodInvocationHelper.java:124)
	at org.testng.internal.MethodInvocationHelper.invokeMethodConsideringTimeout(MethodInvocationHelper.java:59)
	at org.testng.internal.Invoker.invokeConfigurationMethod(Invoker.java:458)
	at org.testng.internal.Invoker.invokeConfigurations(Invoker.java:222)
	at org.testng.internal.Invoker.invokeConfigurations(Invoker.java:142)
	at org.testng.internal.TestMethodWorker.invokeBeforeClassMethods(TestMethodWorker.java:168)
	at org.testng.internal.TestMethodWorker.run(TestMethodWorker.java:105)
	at org.testng.TestRunner.privateRun(TestRunner.java:648)
	at org.testng.TestRunner.run(TestRunner.java:505)
	at org.testng.SuiteRunner.runTest(SuiteRunner.java:455)
	at org.testng.SuiteRunner.runSequentially(SuiteRunner.java:450)
	at org.testng.SuiteRunner.privateRun(SuiteRunner.java:415)
	at org.testng.SuiteRunner.run(SuiteRunner.java:364)
	at org.testng.SuiteRunnerWorker.runSuite(SuiteRunnerWorker.java:52)
	at org.testng.SuiteRunnerWorker.run(SuiteRunnerWorker.java:84)
	at org.testng.TestNG.runSuitesSequentially(TestNG.java:1208)
	at org.testng.TestNG.runSuitesSequentially(TestNG.java:1204)
	at org.testng.TestNG.runSuitesLocally(TestNG.java:1137)
	at org.testng.TestNG.runSuites(TestNG.java:1049)
	at org.testng.TestNG.run(TestNG.java:1017)
	at org.apache.maven.surefire.testng.TestNGExecutor.run(TestNGExecutor.java:283)
	at org.apache.maven.surefire.testng.TestNGXmlTestSuite.execute(TestNGXmlTestSuite.java:75)
	at org.apache.maven.surefire.testng.TestNGProvider.invoke(TestNGProvider.java:120)
	at org.apache.maven.surefire.booter.ForkedBooter.invokeProviderInSameClassLoader(ForkedBooter.java:384)
	at org.apache.maven.surefire.booter.ForkedBooter.runSuitesInProcess(ForkedBooter.java:345)
	at org.apache.maven.surefire.booter.ForkedBooter.execute(ForkedBooter.java:126)
	at org.apache.maven.surefire.booter.ForkedBooter.main(ForkedBooter.java:418)
]]></system-err>
  </testcase>
  <testcase name="beforeMethod" classname="com.sh.stt.testcase.yh.XJYHTest" time="0">
    <skipped/>
  </testcase>
  <testcase name="yhContentListTest" classname="com.sh.stt.testcase.yh.XJYHTest" time="0">
    <skipped/>
    <system-out><![CDATA[2020-07-07 15:32:02.656 [main-68] INFO  com.sh.stt.listener.LogListener.onTestSkipped - ========com.sh.stt.testcase.yh.XJYHTest.yhContentListTest跳过测试========
]]></system-out>
  </testcase>
  <testcase name="afterClass" classname="com.sh.stt.testcase.yh.XJYHTest" time="28.243">
    <failure type="java.lang.NullPointerException">java.lang.NullPointerException
</failure>
    <system-out><![CDATA[2020-07-07 15:32:02.660 [main-68] INFO  com.sh.stt.listener.LogListener.onTestSkipped - ========com.sh.stt.testcase.yh.XJYHTest.yhContentListTest跳过测试========
]]></system-out>
  </testcase>
  <testcase name="beforeClass" classname="com.sh.stt.testcase.yh.XZYHTest" time="28.398">
    <failure type="java.lang.NullPointerException">java.lang.NullPointerException
</failure>
    <system-out><![CDATA[2020-07-07 15:32:02.678 [main-133] ERROR com.sh.stt.base.BaseDriver.startBrowser - chrome浏览器启动失败！
]]></system-out>
    <system-err><![CDATA[java.lang.IllegalStateException: The driver executable does not exist: D:\IDEA\wap-selenium\target\test-classes\driver\driver\chromedriver.exe
	at com.google.common.base.Preconditions.checkState(Preconditions.java:585)
	at org.openqa.selenium.remote.service.DriverService.checkExecutable(DriverService.java:146)
	at org.openqa.selenium.remote.service.DriverService.findExecutable(DriverService.java:141)
	at org.openqa.selenium.chrome.ChromeDriverService.access$000(ChromeDriverService.java:35)
	at org.openqa.selenium.chrome.ChromeDriverService$Builder.findDefaultExecutable(ChromeDriverService.java:159)
	at org.openqa.selenium.remote.service.DriverService$Builder.build(DriverService.java:355)
	at org.openqa.selenium.chrome.ChromeDriverService.createDefaultService(ChromeDriverService.java:94)
	at org.openqa.selenium.chrome.ChromeDriver.<init>(ChromeDriver.java:157)
	at com.sh.stt.base.BaseDriver.startBrowser(BaseDriver.java:130)
	at com.sh.stt.base.BaseTest.beforeClass(BaseTest.java:60)
	at sun.reflect.GeneratedMethodAccessor33.invoke(Unknown Source)
	at sun.reflect.DelegatingMethodAccessorImpl.invoke(DelegatingMethodAccessorImpl.java:43)
	at java.lang.reflect.Method.invoke(Method.java:498)
	at org.testng.internal.MethodInvocationHelper.invokeMethod(MethodInvocationHelper.java:124)
	at org.testng.internal.MethodInvocationHelper.invokeMethodConsideringTimeout(MethodInvocationHelper.java:59)
	at org.testng.internal.Invoker.invokeConfigurationMethod(Invoker.java:458)
	at org.testng.internal.Invoker.invokeConfigurations(Invoker.java:222)
	at org.testng.internal.Invoker.invokeConfigurations(Invoker.java:142)
	at org.testng.internal.TestMethodWorker.invokeBeforeClassMethods(TestMethodWorker.java:168)
	at org.testng.internal.TestMethodWorker.run(TestMethodWorker.java:105)
	at org.testng.TestRunner.privateRun(TestRunner.java:648)
	at org.testng.TestRunner.run(TestRunner.java:505)
	at org.testng.SuiteRunner.runTest(SuiteRunner.java:455)
	at org.testng.SuiteRunner.runSequentially(SuiteRunner.java:450)
	at org.testng.SuiteRunner.privateRun(SuiteRunner.java:415)
	at org.testng.SuiteRunner.run(SuiteRunner.java:364)
	at org.testng.SuiteRunnerWorker.runSuite(SuiteRunnerWorker.java:52)
	at org.testng.SuiteRunnerWorker.run(SuiteRunnerWorker.java:84)
	at org.testng.TestNG.runSuitesSequentially(TestNG.java:1208)
	at org.testng.TestNG.runSuitesSequentially(TestNG.java:1204)
	at org.testng.TestNG.runSuitesLocally(TestNG.java:1137)
	at org.testng.TestNG.runSuites(TestNG.java:1049)
	at org.testng.TestNG.run(TestNG.java:1017)
	at org.apache.maven.surefire.testng.TestNGExecutor.run(TestNGExecutor.java:283)
	at org.apache.maven.surefire.testng.TestNGXmlTestSuite.execute(TestNGXmlTestSuite.java:75)
	at org.apache.maven.surefire.testng.TestNGProvider.invoke(TestNGProvider.java:120)
	at org.apache.maven.surefire.booter.ForkedBooter.invokeProviderInSameClassLoader(ForkedBooter.java:384)
	at org.apache.maven.surefire.booter.ForkedBooter.runSuitesInProcess(ForkedBooter.java:345)
	at org.apache.maven.surefire.booter.ForkedBooter.execute(ForkedBooter.java:126)
	at org.apache.maven.surefire.booter.ForkedBooter.main(ForkedBooter.java:418)
]]></system-err>
  </testcase>
  <testcase name="beforeMethod" classname="com.sh.stt.testcase.yh.XZYHTest" time="0">
    <skipped/>
  </testcase>
  <testcase name="yhContentListTest" classname="com.sh.stt.testcase.yh.XZYHTest" time="0">
    <skipped/>
    <system-out><![CDATA[2020-07-07 15:32:02.682 [main-68] INFO  com.sh.stt.listener.LogListener.onTestSkipped - ========com.sh.stt.testcase.yh.XZYHTest.yhContentListTest跳过测试========
]]></system-out>
  </testcase>
  <testcase name="afterClass" classname="com.sh.stt.testcase.yh.XZYHTest" time="28.411">
    <failure type="java.lang.NullPointerException">java.lang.NullPointerException
</failure>
    <system-out><![CDATA[2020-07-07 15:32:02.685 [main-68] INFO  com.sh.stt.listener.LogListener.onTestSkipped - ========com.sh.stt.testcase.yh.XZYHTest.yhContentListTest跳过测试========
]]></system-out>
  </testcase>
  <testcase name="beforeClass" classname="com.sh.stt.testcase.yh.YNYHTest" time="28.588">
    <failure type="java.lang.NullPointerException">java.lang.NullPointerException
</failure>
    <system-out><![CDATA[2020-07-07 15:32:02.704 [main-133] ERROR com.sh.stt.base.BaseDriver.startBrowser - chrome浏览器启动失败！
]]></system-out>
    <system-err><![CDATA[java.lang.IllegalStateException: The driver executable does not exist: D:\IDEA\wap-selenium\target\test-classes\driver\driver\chromedriver.exe
	at com.google.common.base.Preconditions.checkState(Preconditions.java:585)
	at org.openqa.selenium.remote.service.DriverService.checkExecutable(DriverService.java:146)
	at org.openqa.selenium.remote.service.DriverService.findExecutable(DriverService.java:141)
	at org.openqa.selenium.chrome.ChromeDriverService.access$000(ChromeDriverService.java:35)
	at org.openqa.selenium.chrome.ChromeDriverService$Builder.findDefaultExecutable(ChromeDriverService.java:159)
	at org.openqa.selenium.remote.service.DriverService$Builder.build(DriverService.java:355)
	at org.openqa.selenium.chrome.ChromeDriverService.createDefaultService(ChromeDriverService.java:94)
	at org.openqa.selenium.chrome.ChromeDriver.<init>(ChromeDriver.java:157)
	at com.sh.stt.base.BaseDriver.startBrowser(BaseDriver.java:130)
	at com.sh.stt.base.BaseTest.beforeClass(BaseTest.java:60)
	at sun.reflect.GeneratedMethodAccessor33.invoke(Unknown Source)
	at sun.reflect.DelegatingMethodAccessorImpl.invoke(DelegatingMethodAccessorImpl.java:43)
	at java.lang.reflect.Method.invoke(Method.java:498)
	at org.testng.internal.MethodInvocationHelper.invokeMethod(MethodInvocationHelper.java:124)
	at org.testng.internal.MethodInvocationHelper.invokeMethodConsideringTimeout(MethodInvocationHelper.java:59)
	at org.testng.internal.Invoker.invokeConfigurationMethod(Invoker.java:458)
	at org.testng.internal.Invoker.invokeConfigurations(Invoker.java:222)
	at org.testng.internal.Invoker.invokeConfigurations(Invoker.java:142)
	at org.testng.internal.TestMethodWorker.invokeBeforeClassMethods(TestMethodWorker.java:168)
	at org.testng.internal.TestMethodWorker.run(TestMethodWorker.java:105)
	at org.testng.TestRunner.privateRun(TestRunner.java:648)
	at org.testng.TestRunner.run(TestRunner.java:505)
	at org.testng.SuiteRunner.runTest(SuiteRunner.java:455)
	at org.testng.SuiteRunner.runSequentially(SuiteRunner.java:450)
	at org.testng.SuiteRunner.privateRun(SuiteRunner.java:415)
	at org.testng.SuiteRunner.run(SuiteRunner.java:364)
	at org.testng.SuiteRunnerWorker.runSuite(SuiteRunnerWorker.java:52)
	at org.testng.SuiteRunnerWorker.run(SuiteRunnerWorker.java:84)
	at org.testng.TestNG.runSuitesSequentially(TestNG.java:1208)
	at org.testng.TestNG.runSuitesSequentially(TestNG.java:1204)
	at org.testng.TestNG.runSuitesLocally(TestNG.java:1137)
	at org.testng.TestNG.runSuites(TestNG.java:1049)
	at org.testng.TestNG.run(TestNG.java:1017)
	at org.apache.maven.surefire.testng.TestNGExecutor.run(TestNGExecutor.java:283)
	at org.apache.maven.surefire.testng.TestNGXmlTestSuite.execute(TestNGXmlTestSuite.java:75)
	at org.apache.maven.surefire.testng.TestNGProvider.invoke(TestNGProvider.java:120)
	at org.apache.maven.surefire.booter.ForkedBooter.invokeProviderInSameClassLoader(ForkedBooter.java:384)
	at org.apache.maven.surefire.booter.ForkedBooter.runSuitesInProcess(ForkedBooter.java:345)
	at org.apache.maven.surefire.booter.ForkedBooter.execute(ForkedBooter.java:126)
	at org.apache.maven.surefire.booter.ForkedBooter.main(ForkedBooter.java:418)
]]></system-err>
  </testcase>
  <testcase name="beforeMethod" classname="com.sh.stt.testcase.yh.YNYHTest" time="0">
    <skipped/>
  </testcase>
  <testcase name="yhContentListTest" classname="com.sh.stt.testcase.yh.YNYHTest" time="0">
    <skipped/>
    <system-out><![CDATA[2020-07-07 15:32:02.707 [main-68] INFO  com.sh.stt.listener.LogListener.onTestSkipped - ========com.sh.stt.testcase.yh.YNYHTest.yhContentListTest跳过测试========
]]></system-out>
  </testcase>
  <testcase name="afterClass" classname="com.sh.stt.testcase.yh.YNYHTest" time="28.606">
    <failure type="java.lang.NullPointerException">java.lang.NullPointerException
</failure>
    <system-out><![CDATA[2020-07-07 15:32:02.710 [main-68] INFO  com.sh.stt.listener.LogListener.onTestSkipped - ========com.sh.stt.testcase.yh.YNYHTest.yhContentListTest跳过测试========
]]></system-out>
  </testcase>
  <testcase name="beforeClass" classname="com.sh.stt.testcase.yh.ZJYHTest" time="28.79">
    <failure type="java.lang.NullPointerException">java.lang.NullPointerException
</failure>
    <system-out><![CDATA[2020-07-07 15:32:02.730 [main-133] ERROR com.sh.stt.base.BaseDriver.startBrowser - chrome浏览器启动失败！
]]></system-out>
    <system-err><![CDATA[java.lang.IllegalStateException: The driver executable does not exist: D:\IDEA\wap-selenium\target\test-classes\driver\driver\chromedriver.exe
	at com.google.common.base.Preconditions.checkState(Preconditions.java:585)
	at org.openqa.selenium.remote.service.DriverService.checkExecutable(DriverService.java:146)
	at org.openqa.selenium.remote.service.DriverService.findExecutable(DriverService.java:141)
	at org.openqa.selenium.chrome.ChromeDriverService.access$000(ChromeDriverService.java:35)
	at org.openqa.selenium.chrome.ChromeDriverService$Builder.findDefaultExecutable(ChromeDriverService.java:159)
	at org.openqa.selenium.remote.service.DriverService$Builder.build(DriverService.java:355)
	at org.openqa.selenium.chrome.ChromeDriverService.createDefaultService(ChromeDriverService.java:94)
	at org.openqa.selenium.chrome.ChromeDriver.<init>(ChromeDriver.java:157)
	at com.sh.stt.base.BaseDriver.startBrowser(BaseDriver.java:130)
	at com.sh.stt.base.BaseTest.beforeClass(BaseTest.java:60)
	at sun.reflect.GeneratedMethodAccessor33.invoke(Unknown Source)
	at sun.reflect.DelegatingMethodAccessorImpl.invoke(DelegatingMethodAccessorImpl.java:43)
	at java.lang.reflect.Method.invoke(Method.java:498)
	at org.testng.internal.MethodInvocationHelper.invokeMethod(MethodInvocationHelper.java:124)
	at org.testng.internal.MethodInvocationHelper.invokeMethodConsideringTimeout(MethodInvocationHelper.java:59)
	at org.testng.internal.Invoker.invokeConfigurationMethod(Invoker.java:458)
	at org.testng.internal.Invoker.invokeConfigurations(Invoker.java:222)
	at org.testng.internal.Invoker.invokeConfigurations(Invoker.java:142)
	at org.testng.internal.TestMethodWorker.invokeBeforeClassMethods(TestMethodWorker.java:168)
	at org.testng.internal.TestMethodWorker.run(TestMethodWorker.java:105)
	at org.testng.TestRunner.privateRun(TestRunner.java:648)
	at org.testng.TestRunner.run(TestRunner.java:505)
	at org.testng.SuiteRunner.runTest(SuiteRunner.java:455)
	at org.testng.SuiteRunner.runSequentially(SuiteRunner.java:450)
	at org.testng.SuiteRunner.privateRun(SuiteRunner.java:415)
	at org.testng.SuiteRunner.run(SuiteRunner.java:364)
	at org.testng.SuiteRunnerWorker.runSuite(SuiteRunnerWorker.java:52)
	at org.testng.SuiteRunnerWorker.run(SuiteRunnerWorker.java:84)
	at org.testng.TestNG.runSuitesSequentially(TestNG.java:1208)
	at org.testng.TestNG.runSuitesSequentially(TestNG.java:1204)
	at org.testng.TestNG.runSuitesLocally(TestNG.java:1137)
	at org.testng.TestNG.runSuites(TestNG.java:1049)
	at org.testng.TestNG.run(TestNG.java:1017)
	at org.apache.maven.surefire.testng.TestNGExecutor.run(TestNGExecutor.java:283)
	at org.apache.maven.surefire.testng.TestNGXmlTestSuite.execute(TestNGXmlTestSuite.java:75)
	at org.apache.maven.surefire.testng.TestNGProvider.invoke(TestNGProvider.java:120)
	at org.apache.maven.surefire.booter.ForkedBooter.invokeProviderInSameClassLoader(ForkedBooter.java:384)
	at org.apache.maven.surefire.booter.ForkedBooter.runSuitesInProcess(ForkedBooter.java:345)
	at org.apache.maven.surefire.booter.ForkedBooter.execute(ForkedBooter.java:126)
	at org.apache.maven.surefire.booter.ForkedBooter.main(ForkedBooter.java:418)
]]></system-err>
  </testcase>
  <testcase name="beforeMethod" classname="com.sh.stt.testcase.yh.ZJYHTest" time="0">
    <skipped/>
  </testcase>
  <testcase name="yhContentListTest" classname="com.sh.stt.testcase.yh.ZJYHTest" time="0">
    <skipped/>
    <system-out><![CDATA[2020-07-07 15:32:02.734 [main-68] INFO  com.sh.stt.listener.LogListener.onTestSkipped - ========com.sh.stt.testcase.yh.ZJYHTest.yhContentListTest跳过测试========
]]></system-out>
  </testcase>
  <testcase name="afterClass" classname="com.sh.stt.testcase.yh.ZJYHTest" time="28.806">
    <failure type="java.lang.NullPointerException">java.lang.NullPointerException
</failure>
    <system-out><![CDATA[2020-07-07 15:32:02.736 [main-68] INFO  com.sh.stt.listener.LogListener.onTestSkipped - ========com.sh.stt.testcase.yh.ZJYHTest.yhContentListTest跳过测试========
]]></system-out>
  </testcase>
</testsuite>