<?xml version="1.0" encoding="UTF-8"?>
<testsuite xmlns:xsi="http://www.w3.org/2001/XMLSchema-instance" xsi:noNamespaceSchemaLocation="https://maven.apache.org/surefire/maven-surefire-plugin/xsd/surefire-test-report.xsd" name="TestSuite" time="18.483" tests="3" errors="0" skipped="1" failures="1">
  <properties>
[...]
</properties>
  <testcase name="ywContentListTest" classname="com.sh.stt.testcase.yw.BJYWTest" time="2.075"/>
  <testcase name="beforeClass" classname="com.sh.stt.testcase.yw.AHYWTest" time="2.104">
    <failure type="java.lang.NullPointerException">java.lang.NullPointerException
	at com.sh.stt.testcase.yw.AHYWTest.beforeClass(AHYWTest.java:34)
</failure>
  </testcase>
  <testcase name="ywContentListTest" classname="com.sh.stt.testcase.yw.AHYWTest" time="0">
    <skipped/>
    <system-out><![CDATA[2020-06-12 15:33:53.446 [main-68] INFO  com.sh.stt.listener.LogListener.onTestSkipped - ========com.sh.stt.testcase.yw.AHYWTest.ywContentListTest跳过测试========
2020-06-12 15:33:53.450 [main-68] INFO  com.sh.stt.listener.LogListener.onTestSkipped - ========com.sh.stt.testcase.yw.AHYWTest.ywContentListTest跳过测试========
]]></system-out>
  </testcase>
</testsuite>