-------------------------------------------------------------------------------
Test set: TestSuite
-------------------------------------------------------------------------------
Tests run: 3, Failures: 1, Errors: 0, Skipped: 1, Time elapsed: 18.483 s <<< FAILURE! - in TestSuite
beforeClass(com.sh.stt.testcase.yw.AHYWTest)  Time elapsed: 2.104 s  <<< FAILURE!
java.lang.NullPointerException
	at com.sh.stt.testcase.yw.AHYWTest.beforeClass(AHYWTest.java:34)

